<?xml version="1.0" encoding="UTF-8" standalone="yes"?><!DOCTYPE report PUBLIC "-//JACOCO//DTD Report 1.1//EN" "report.dtd"><report name="kfirst"><sessioninfo id="DESKTOP-789DVBO-7031323b" start="1648565474992" dump="1648565491768"/><package name="lesson10/task1"><class name="lesson10/task1/Parser" sourcefilename="Regex.kt"><method name="&lt;init&gt;" desc="(Ljava/util/List;)V" line="92"><counter type="INSTRUCTION" missed="0" covered="46"/><counter type="LINE" missed="0" covered="2"/><counter type="COMPLEXITY" missed="0" covered="1"/><counter type="METHOD" missed="0" covered="1"/></method><method name="parse" desc="()Llesson10/task1/Expression;" line="96"><counter type="INSTRUCTION" missed="19" covered="20"/><counter type="BRANCH" missed="2" covered="2"/><counter type="LINE" missed="0" covered="3"/><counter type="COMPLEXITY" missed="2" covered="1"/><counter type="METHOD" missed="0" covered="1"/></method><method name="parseExpression" desc="()Llesson10/task1/Expression;" line="102"><counter type="INSTRUCTION" missed="0" covered="56"/><counter type="BRANCH" missed="0" covered="6"/><counter type="LINE" missed="0" covered="8"/><counter type="COMPLEXITY" missed="0" covered="4"/><counter type="METHOD" missed="0" covered="1"/></method><method name="parseItem" desc="()Llesson10/task1/Expression;" line="117"><counter type="INSTRUCTION" missed="0" covered="56"/><counter type="BRANCH" missed="0" covered="6"/><counter type="LINE" missed="0" covered="8"/><counter type="COMPLEXITY" missed="0" covered="4"/><counter type="METHOD" missed="0" covered="1"/></method><method name="parseFactor" desc="()Llesson10/task1/Expression;" line="132"><counter type="INSTRUCTION" missed="17" covered="80"/><counter type="BRANCH" missed="3" covered="7"/><counter type="LINE" missed="1" covered="8"/><counter type="COMPLEXITY" missed="3" covered="4"/><counter type="METHOD" missed="0" covered="1"/></method><method name="parseExponentiation$kfirst" desc="()Llesson10/task1/Expression;" line="155"><counter type="INSTRUCTION" missed="10" covered="0"/><counter type="LINE" missed="1" covered="0"/><counter type="COMPLEXITY" missed="1" covered="0"/><counter type="METHOD" missed="1" covered="0"/></method><counter type="INSTRUCTION" missed="46" covered="258"/><counter type="BRANCH" missed="5" covered="21"/><counter type="LINE" missed="2" covered="29"/><counter type="COMPLEXITY" missed="6" covered="14"/><counter type="METHOD" missed="1" covered="5"/><counter type="CLASS" missed="0" covered="1"/></class><class name="lesson10/task1/Expression$Negate" sourcefilename="Regex.kt"><method name="&lt;init&gt;" desc="(Llesson10/task1/Expression;)V" line="66"><counter type="INSTRUCTION" missed="0" covered="10"/><counter type="LINE" missed="0" covered="1"/><counter type="COMPLEXITY" missed="0" covered="1"/><counter type="METHOD" missed="0" covered="1"/></method><method name="getArg" desc="()Llesson10/task1/Expression;" line="66"><counter type="INSTRUCTION" missed="0" covered="3"/><counter type="LINE" missed="0" covered="1"/><counter type="COMPLEXITY" missed="0" covered="1"/><counter type="METHOD" missed="0" covered="1"/></method><counter type="INSTRUCTION" missed="0" covered="13"/><counter type="LINE" missed="0" covered="1"/><counter type="COMPLEXITY" missed="0" covered="2"/><counter type="METHOD" missed="0" covered="2"/><counter type="CLASS" missed="0" covered="1"/></class><class name="lesson10/task1/Expression$Constant" sourcefilename="Regex.kt"><method name="&lt;init&gt;" desc="(I)V" line="54"><counter type="INSTRUCTION" missed="0" covered="7"/><counter type="LINE" missed="0" covered="1"/><counter type="COMPLEXITY" missed="0" covered="1"/><counter type="METHOD" missed="0" covered="1"/></method><method name="getValue" desc="()I" line="54"><counter type="INSTRUCTION" missed="0" covered="3"/><counter type="LINE" missed="0" covered="1"/><counter type="COMPLEXITY" missed="0" covered="1"/><counter type="METHOD" missed="0" covered="1"/></method><counter type="INSTRUCTION" missed="0" covered="10"/><counter type="LINE" missed="0" covered="1"/><counter type="COMPLEXITY" missed="0" covered="2"/><counter type="METHOD" missed="0" covered="2"/><counter type="CLASS" missed="0" covered="1"/></class><class name="lesson10/task1/Expression" sourcefilename="Regex.kt"><method name="calculate" desc="(I)I" line="68"><counter type="INSTRUCTION" missed="0" covered="97"/><counter type="BRANCH" missed="0" covered="11"/><counter type="LINE" missed="0" covered="11"/><counter type="COMPLEXITY" missed="0" covered="8"/><counter type="METHOD" missed="0" covered="1"/></method><counter type="INSTRUCTION" missed="0" covered="97"/><counter type="BRANCH" missed="0" covered="11"/><counter type="LINE" missed="0" covered="11"/><counter type="COMPLEXITY" missed="0" covered="8"/><counter type="METHOD" missed="0" covered="1"/><counter type="CLASS" missed="0" covered="1"/></class><class name="lesson10/task1/Expression$Variable" sourcefilename="Regex.kt"><method name="&lt;init&gt;" desc="()V" line="52"><counter type="INSTRUCTION" missed="0" covered="4"/><counter type="LINE" missed="0" covered="1"/><counter type="COMPLEXITY" missed="0" covered="1"/><counter type="METHOD" missed="0" covered="1"/></method><counter type="INSTRUCTION" missed="0" covered="4"/><counter type="LINE" missed="0" covered="1"/><counter type="COMPLEXITY" missed="0" covered="1"/><counter type="METHOD" missed="0" covered="1"/><counter type="CLASS" missed="0" covered="1"/></class><class name="lesson10/task1/Expression$Binary" sourcefilename="Regex.kt"><method name="&lt;init&gt;" desc="(Llesson10/task1/Expression;Llesson10/task1/Expression$Operation;Llesson10/task1/Expression;)V" line="64"><counter type="INSTRUCTION" missed="0" covered="22"/><counter type="LINE" missed="0" covered="1"/><counter type="COMPLEXITY" missed="0" covered="1"/><counter type="METHOD" missed="0" covered="1"/></method><method name="getLeft" desc="()Llesson10/task1/Expression;" line="64"><counter type="INSTRUCTION" missed="0" covered="3"/><counter type="LINE" missed="0" covered="1"/><counter type="COMPLEXITY" missed="0" covered="1"/><counter type="METHOD" missed="0" covered="1"/></method><method name="getOp" desc="()Llesson10/task1/Expression$Operation;" line="64"><counter type="INSTRUCTION" missed="0" covered="3"/><counter type="LINE" missed="0" covered="1"/><counter type="COMPLEXITY" missed="0" covered="1"/><counter type="METHOD" missed="0" covered="1"/></method><method name="getRight" desc="()Llesson10/task1/Expression;" line="64"><counter type="INSTRUCTION" missed="0" covered="3"/><counter type="LINE" missed="0" covered="1"/><counter type="COMPLEXITY" missed="0" covered="1"/><counter type="METHOD" missed="0" covered="1"/></method><counter type="INSTRUCTION" missed="0" covered="31"/><counter type="LINE" missed="0" covered="1"/><counter type="COMPLEXITY" missed="0" covered="4"/><counter type="METHOD" missed="0" covered="4"/><counter type="CLASS" missed="0" covered="1"/></class><class name="lesson10/task1/RegexKt" sourcefilename="Regex.kt"><method name="parseExpr" desc="(Ljava/lang/String;Ljava/util/List;)Ljava/util/Map;" line="30"><counter type="INSTRUCTION" missed="4" covered="60"/><counter type="BRANCH" missed="1" covered="3"/><counter type="LINE" missed="0" covered="5"/><counter type="COMPLEXITY" missed="1" covered="2"/><counter type="METHOD" missed="0" covered="1"/></method><method name="parseExpr" desc="(Ljava/lang/String;)Llesson10/task1/Expression;" line="39"><counter type="INSTRUCTION" missed="0" covered="43"/><counter type="BRANCH" missed="0" covered="4"/><counter type="LINE" missed="0" covered="8"/><counter type="COMPLEXITY" missed="0" covered="3"/><counter type="METHOD" missed="0" covered="1"/></method><counter type="INSTRUCTION" missed="4" covered="103"/><counter type="BRANCH" missed="1" covered="7"/><counter type="LINE" missed="0" covered="13"/><counter type="COMPLEXITY" missed="1" covered="5"/><counter type="METHOD" missed="0" covered="2"/><counter type="CLASS" missed="0" covered="1"/></class><class name="lesson10/task1/Expression$Operation" sourcefilename="Regex.kt"><method name="&lt;clinit&gt;" desc="()V" line="57"><counter type="INSTRUCTION" missed="0" covered="33"/><counter type="LINE" missed="0" covered="5"/><counter type="COMPLEXITY" missed="0" covered="1"/><counter type="METHOD" missed="0" covered="1"/></method><counter type="INSTRUCTION" missed="0" covered="33"/><counter type="LINE" missed="0" covered="5"/><counter type="COMPLEXITY" missed="0" covered="1"/><counter type="METHOD" missed="0" covered="1"/><counter type="CLASS" missed="0" covered="1"/></class><sourcefile name="Regex.kt"><line nr="30" mi="4" ci="16" mb="1" cb="1"/><line nr="31" mi="0" ci="7" mb="0" cb="0"/><line nr="32" mi="0" ci="11" mb="0" cb="2"/><line nr="33" mi="0" ci="18" mb="0" cb="0"/><line nr="35" mi="0" ci="2" mb="0" cb="0"/><line nr="39" mi="0" ci="3" mb="0" cb="0"/><line nr="40" mi="0" ci="5" mb="0" cb="0"/><line nr="41" mi="0" ci="7" mb="0" cb="0"/><line nr="42" mi="0" ci="3" mb="0" cb="2"/><line nr="43" mi="0" ci="3" mb="0" cb="0"/><line nr="44" mi="0" ci="5" mb="0" cb="2"/><line nr="45" mi="0" ci="8" mb="0" cb="0"/><line nr="48" mi="0" ci="6" mb="0" cb="0"/><line nr="52" mi="0" ci="4" mb="0" cb="0"/><line nr="54" mi="0" ci="10" mb="0" cb="0"/><line nr="57" mi="0" ci="6" mb="0" cb="0"/><line nr="58" mi="0" ci="6" mb="0" cb="0"/><line nr="59" mi="0" ci="6" mb="0" cb="0"/><line nr="60" mi="0" ci="6" mb="0" cb="0"/><line nr="61" mi="0" ci="9" mb="0" cb="0"/><line nr="64" mi="0" ci="22" mb="0" cb="0"/><line nr="66" mi="0" ci="10" mb="0" cb="0"/><line nr="68" mi="0" ci="2" mb="0" cb="0"/><line nr="69" mi="0" ci="6" mb="0" cb="2"/><line nr="70" mi="0" ci="7" mb="0" cb="2"/><line nr="71" mi="0" ci="14" mb="0" cb="7"/><line nr="73" mi="0" ci="12" mb="0" cb="0"/><line nr="76" mi="0" ci="12" mb="0" cb="0"/><line nr="79" mi="0" ci="12" mb="0" cb="0"/><line nr="82" mi="0" ci="12" mb="0" cb="0"/><line nr="85" mi="0" ci="10" mb="0" cb="0"/><line nr="88" mi="0" ci="9" mb="0" cb="0"/><line nr="89" mi="0" ci="1" mb="0" cb="0"/><line nr="92" mi="0" ci="6" mb="0" cb="0"/><line nr="96" mi="0" ci="3" mb="0" cb="0"/><line nr="97" mi="19" ci="15" mb="2" cb="2"/><line nr="98" mi="0" ci="2" mb="0" cb="0"/><line nr="102" mi="0" ci="3" mb="0" cb="0"/><line nr="103" mi="0" ci="6" mb="0" cb="2"/><line nr="104" mi="0" ci="21" mb="0" cb="4"/><line nr="106" mi="0" ci="10" mb="0" cb="0"/><line nr="107" mi="0" ci="3" mb="0" cb="0"/><line nr="108" mi="0" ci="9" mb="0" cb="0"/><line nr="110" mi="0" ci="2" mb="0" cb="0"/><line nr="113" mi="0" ci="2" mb="0" cb="0"/><line nr="117" mi="0" ci="3" mb="0" cb="0"/><line nr="118" mi="0" ci="6" mb="0" cb="2"/><line nr="119" mi="0" ci="21" mb="0" cb="4"/><line nr="121" mi="0" ci="10" mb="0" cb="0"/><line nr="122" mi="0" ci="3" mb="0" cb="0"/><line nr="123" mi="0" ci="9" mb="0" cb="0"/><line nr="125" mi="0" ci="2" mb="0" cb="0"/><line nr="128" mi="0" ci="2" mb="0" cb="0"/><line nr="132" mi="10" ci="15" mb="2" cb="2"/><line nr="133" mi="0" ci="20" mb="0" cb="4"/><line nr="134" mi="0" ci="3" mb="0" cb="0"/><line nr="135" mi="0" ci="7" mb="0" cb="0"/><line nr="137" mi="0" ci="3" mb="0" cb="0"/><line nr="138" mi="0" ci="16" mb="0" cb="0"/><line nr="139" mi="0" ci="6" mb="1" cb="1"/><line nr="140" mi="7" ci="0" mb="0" cb="0"/><line nr="142" mi="0" ci="10" mb="0" cb="0"/><line nr="155" mi="10" ci="0" mb="0" cb="0"/><line nr="158" mi="0" ci="37" mb="0" cb="0"/><counter type="INSTRUCTION" missed="50" covered="549"/><counter type="BRANCH" missed="6" covered="39"/><counter type="LINE" missed="2" covered="62"/><counter type="COMPLEXITY" missed="7" covered="37"/><counter type="METHOD" missed="1" covered="18"/><counter type="CLASS" missed="0" covered="8"/></sourcefile><counter type="INSTRUCTION" missed="50" covered="549"/><counter type="BRANCH" missed="6" covered="39"/><counter type="LINE" missed="2" covered="62"/><counter type="COMPLEXITY" missed="7" covered="37"/><counter type="METHOD" missed="1" covered="18"/><counter type="CLASS" missed="0" covered="8"/></package><package name="lesson10/task2"><class name="lesson10/task2/HtmlKt$generateListHtml$1" sourcefilename="Html.kt"><method name="invoke" desc="(Llesson10/task2/HTML;)V" line="88"><counter type="INSTRUCTION" missed="6" covered="3"/><counter type="LINE" missed="2" covered="0"/><counter type="COMPLEXITY" missed="0" covered="1"/><counter type="METHOD" missed="0" covered="1"/></method><counter type="INSTRUCTION" missed="6" covered="3"/><counter type="LINE" missed="2" covered="0"/><counter type="COMPLEXITY" missed="0" covered="1"/><counter type="METHOD" missed="0" covered="1"/><counter type="CLASS" missed="0" covered="1"/></class><class name="lesson10/task2/HtmlKt" sourcefilename="Html.kt"><method name="convertToHtmlTable" desc="(Ljava/util/List;)Ljava/lang/String;" line="12"><counter type="INSTRUCTION" missed="0" covered="81"/><counter type="BRANCH" missed="0" covered="4"/><counter type="LINE" missed="0" covered="15"/><counter type="COMPLEXITY" missed="0" covered="3"/><counter type="METHOD" missed="0" covered="1"/></method><method name="convertToHtmlTableUsingKotlinxHtml" desc="(Ljava/util/List;)Ljava/lang/String;" line="36"><counter type="INSTRUCTION" missed="0" covered="34"/><counter type="LINE" missed="0" covered="4"/><counter type="COMPLEXITY" missed="0" covered="1"/><counter type="METHOD" missed="0" covered="1"/></method><method name="generateSimpleHtml" desc="(Ljava/lang/String;)Ljava/lang/String;" line="58"><counter type="INSTRUCTION" missed="0" covered="23"/><counter type="LINE" missed="0" covered="3"/><counter type="COMPLEXITY" missed="0" covered="1"/><counter type="METHOD" missed="0" covered="1"/></method><method name="generateListHtml" desc="(Ljava/util/List;)Ljava/lang/String;" line="86"><counter type="INSTRUCTION" missed="13" covered="7"/><counter type="LINE" missed="2" covered="1"/><counter type="COMPLEXITY" missed="0" covered="1"/><counter type="METHOD" missed="0" covered="1"/></method><method name="myHtml" desc="(Ljava/lang/StringBuilder;Lkotlin/jvm/functions/Function1;)Llesson10/task2/HTML;" line="129"><counter type="INSTRUCTION" missed="0" covered="19"/><counter type="LINE" missed="0" covered="5"/><counter type="COMPLEXITY" missed="0" covered="1"/><counter type="METHOD" missed="0" covered="1"/></method><counter type="INSTRUCTION" missed="13" covered="164"/><counter type="BRANCH" missed="0" covered="4"/><counter type="LINE" missed="2" covered="28"/><counter type="COMPLEXITY" missed="0" covered="7"/><counter type="METHOD" missed="0" covered="5"/><counter type="CLASS" missed="0" covered="1"/></class><class name="lesson10/task2/HtmlKt$convertToHtmlTableUsingKotlinxHtml$1$1$1$1" sourcefilename="Html.kt"><method name="invoke" desc="(Lkotlinx/html/TR;)V" line="43"><counter type="INSTRUCTION" missed="0" covered="26"/><counter type="BRANCH" missed="0" covered="2"/><counter type="LINE" missed="0" covered="3"/><counter type="COMPLEXITY" missed="0" covered="2"/><counter type="METHOD" missed="0" covered="1"/></method><counter type="INSTRUCTION" missed="0" covered="26"/><counter type="BRANCH" missed="0" covered="2"/><counter type="LINE" missed="0" covered="3"/><counter type="COMPLEXITY" missed="0" covered="2"/><counter type="METHOD" missed="0" covered="1"/><counter type="CLASS" missed="0" covered="1"/></class><class name="lesson10/task2/HtmlKt$generateSimpleHtml$1" sourcefilename="Html.kt"><method name="invoke" desc="(Llesson10/task2/HTML;)V" line="60"><counter type="INSTRUCTION" missed="0" covered="13"/><counter type="LINE" missed="0" covered="2"/><counter type="COMPLEXITY" missed="0" covered="1"/><counter type="METHOD" missed="0" covered="1"/></method><counter type="INSTRUCTION" missed="0" covered="13"/><counter type="LINE" missed="0" covered="2"/><counter type="COMPLEXITY" missed="0" covered="1"/><counter type="METHOD" missed="0" covered="1"/><counter type="CLASS" missed="0" covered="1"/></class><class name="lesson10/task2/HtmlKt$generateSimpleHtml$1$1" sourcefilename="Html.kt"><method name="invoke" desc="(Llesson10/task2/HTMLBody;)V" line="61"><counter type="INSTRUCTION" missed="0" covered="8"/><counter type="LINE" missed="0" covered="2"/><counter type="COMPLEXITY" missed="0" covered="1"/><counter type="METHOD" missed="0" covered="1"/></method><counter type="INSTRUCTION" missed="0" covered="8"/><counter type="LINE" missed="0" covered="2"/><counter type="COMPLEXITY" missed="0" covered="1"/><counter type="METHOD" missed="0" covered="1"/><counter type="CLASS" missed="0" covered="1"/></class><class name="lesson10/task2/HtmlKt$convertToHtmlTableUsingKotlinxHtml$1$1$1" sourcefilename="Html.kt"><method name="invoke" desc="(Lkotlinx/html/TABLE;)V" line="41"><counter type="INSTRUCTION" missed="0" covered="26"/><counter type="BRANCH" missed="0" covered="2"/><counter type="LINE" missed="0" covered="3"/><counter type="COMPLEXITY" missed="0" covered="2"/><counter type="METHOD" missed="0" covered="1"/></method><counter type="INSTRUCTION" missed="0" covered="26"/><counter type="BRANCH" missed="0" covered="2"/><counter type="LINE" missed="0" covered="3"/><counter type="COMPLEXITY" missed="0" covered="2"/><counter type="METHOD" missed="0" covered="1"/><counter type="CLASS" missed="0" covered="1"/></class><class name="lesson10/task2/HtmlKt$convertToHtmlTableUsingKotlinxHtml$1$1$1$1$1" sourcefilename="Html.kt"><method name="invoke" desc="(Lkotlinx/html/TD;)V" line="44"><counter type="INSTRUCTION" missed="0" covered="8"/><counter type="LINE" missed="0" covered="1"/><counter type="COMPLEXITY" missed="0" covered="1"/><counter type="METHOD" missed="0" covered="1"/></method><counter type="INSTRUCTION" missed="0" covered="8"/><counter type="LINE" missed="0" covered="1"/><counter type="COMPLEXITY" missed="0" covered="1"/><counter type="METHOD" missed="0" covered="1"/><counter type="CLASS" missed="0" covered="1"/></class><class name="lesson10/task2/HtmlKt$generateListHtml$1$1$1" sourcefilename="Html.kt"><method name="invoke" desc="(Llesson10/task2/HTMLList;)V" line="90"><counter type="INSTRUCTION" missed="13" covered="0"/><counter type="LINE" missed="1" covered="0"/><counter type="COMPLEXITY" missed="1" covered="0"/><counter type="METHOD" missed="1" covered="0"/></method><counter type="INSTRUCTION" missed="13" covered="0"/><counter type="LINE" missed="1" covered="0"/><counter type="COMPLEXITY" missed="1" covered="0"/><counter type="METHOD" missed="1" covered="0"/><counter type="CLASS" missed="1" covered="0"/></class><class name="lesson10/task2/HtmlKt$convertToHtmlTableUsingKotlinxHtml$1$1" sourcefilename="Html.kt"><method name="invoke" desc="(Lkotlinx/html/BODY;)V" line="40"><counter type="INSTRUCTION" missed="0" covered="16"/><counter type="LINE" missed="0" covered="2"/><counter type="COMPLEXITY" missed="0" covered="1"/><counter type="METHOD" missed="0" covered="1"/></method><counter type="INSTRUCTION" missed="0" covered="16"/><counter type="LINE" missed="0" covered="2"/><counter type="COMPLEXITY" missed="0" covered="1"/><counter type="METHOD" missed="0" covered="1"/><counter type="CLASS" missed="0" covered="1"/></class><class name="lesson10/task2/HTMLItem" sourcefilename="Html.kt"><method name="&lt;init&gt;" desc="(Ljava/lang/StringBuilder;)V" line="123"><counter type="INSTRUCTION" missed="9" covered="0"/><counter type="LINE" missed="1" covered="0"/><counter type="COMPLEXITY" missed="1" covered="0"/><counter type="METHOD" missed="1" covered="0"/></method><method name="getSb" desc="()Ljava/lang/StringBuilder;" line="123"><counter type="INSTRUCTION" missed="3" covered="0"/><counter type="LINE" missed="1" covered="0"/><counter type="COMPLEXITY" missed="1" covered="0"/><counter type="METHOD" missed="1" covered="0"/></method><method name="unaryPlus" desc="(Ljava/lang/String;)V" line="125"><counter type="INSTRUCTION" missed="4" covered="0"/><counter type="LINE" missed="1" covered="0"/><counter type="COMPLEXITY" missed="1" covered="0"/><counter type="METHOD" missed="1" covered="0"/></method><counter type="INSTRUCTION" missed="16" covered="0"/><counter type="LINE" missed="2" covered="0"/><counter type="COMPLEXITY" missed="3" covered="0"/><counter type="METHOD" missed="3" covered="0"/><counter type="CLASS" missed="1" covered="0"/></class><class name="lesson10/task2/HTML" sourcefilename="Html.kt"><method name="&lt;init&gt;" desc="(Ljava/lang/StringBuilder;)V" line="97"><counter type="INSTRUCTION" missed="0" covered="9"/><counter type="LINE" missed="0" covered="1"/><counter type="COMPLEXITY" missed="0" covered="1"/><counter type="METHOD" missed="0" covered="1"/></method><method name="getSb" desc="()Ljava/lang/StringBuilder;" line="97"><counter type="INSTRUCTION" missed="3" covered="0"/><counter type="LINE" missed="1" covered="0"/><counter type="COMPLEXITY" missed="1" covered="0"/><counter type="METHOD" missed="1" covered="0"/></method><method name="myBody" desc="(Lkotlin/jvm/functions/Function1;)Llesson10/task2/HTMLBody;" line="99"><counter type="INSTRUCTION" missed="0" covered="25"/><counter type="LINE" missed="0" covered="5"/><counter type="COMPLEXITY" missed="0" covered="1"/><counter type="METHOD" missed="0" covered="1"/></method><counter type="INSTRUCTION" missed="3" covered="34"/><counter type="LINE" missed="0" covered="6"/><counter type="COMPLEXITY" missed="1" covered="2"/><counter type="METHOD" missed="1" covered="2"/><counter type="CLASS" missed="0" covered="1"/></class><class name="lesson10/task2/HtmlKt$generateListHtml$1$1" sourcefilename="Html.kt"><method name="invoke" desc="(Llesson10/task2/HTMLBody;)V" line="89"><counter type="INSTRUCTION" missed="6" covered="3"/><counter type="LINE" missed="2" covered="0"/><counter type="COMPLEXITY" missed="0" covered="1"/><counter type="METHOD" missed="0" covered="1"/></method><counter type="INSTRUCTION" missed="6" covered="3"/><counter type="LINE" missed="2" covered="0"/><counter type="COMPLEXITY" missed="0" covered="1"/><counter type="METHOD" missed="0" covered="1"/><counter type="CLASS" missed="0" covered="1"/></class><class name="lesson10/task2/HtmlKt$convertToHtmlTableUsingKotlinxHtml$1" sourcefilename="Html.kt"><method name="invoke" desc="(Lkotlinx/html/HTML;)V" line="39"><counter type="INSTRUCTION" missed="0" covered="15"/><counter type="LINE" missed="0" covered="2"/><counter type="COMPLEXITY" missed="0" covered="1"/><counter type="METHOD" missed="0" covered="1"/></method><counter type="INSTRUCTION" missed="0" covered="15"/><counter type="LINE" missed="0" covered="2"/><counter type="COMPLEXITY" missed="0" covered="1"/><counter type="METHOD" missed="0" covered="1"/><counter type="CLASS" missed="0" covered="1"/></class><class name="lesson10/task2/HTMLBody" sourcefilename="Html.kt"><method name="&lt;init&gt;" desc="(Ljava/lang/StringBuilder;)V" line="107"><counter type="INSTRUCTION" missed="0" covered="9"/><counter type="LINE" missed="0" covered="1"/><counter type="COMPLEXITY" missed="0" covered="1"/><counter type="METHOD" missed="0" covered="1"/></method><method name="getSb" desc="()Ljava/lang/StringBuilder;" line="107"><counter type="INSTRUCTION" missed="3" covered="0"/><counter type="LINE" missed="1" covered="0"/><counter type="COMPLEXITY" missed="1" covered="0"/><counter type="METHOD" missed="1" covered="0"/></method><method name="unaryPlus" desc="(Ljava/lang/String;)V" line="109"><counter type="INSTRUCTION" missed="0" covered="9"/><counter type="LINE" missed="0" covered="2"/><counter type="COMPLEXITY" missed="0" covered="1"/><counter type="METHOD" missed="0" covered="1"/></method><method name="myList" desc="(Lkotlin/jvm/functions/Function1;)Llesson10/task2/HTMLList;" line="113"><counter type="INSTRUCTION" missed="0" covered="13"/><counter type="LINE" missed="0" covered="1"/><counter type="COMPLEXITY" missed="0" covered="1"/><counter type="METHOD" missed="0" covered="1"/></method><counter type="INSTRUCTION" missed="3" covered="31"/><counter type="LINE" missed="0" covered="4"/><counter type="COMPLEXITY" missed="1" covered="3"/><counter type="METHOD" missed="1" covered="3"/><counter type="CLASS" missed="0" covered="1"/></class><class name="lesson10/task2/HTMLList" sourcefilename="Html.kt"><method name="&lt;init&gt;" desc="(Ljava/lang/StringBuilder;)V" line="117"><counter type="INSTRUCTION" missed="9" covered="0"/><counter type="LINE" missed="1" covered="0"/><counter type="COMPLEXITY" missed="1" covered="0"/><counter type="METHOD" missed="1" covered="0"/></method><method name="getSb" desc="()Ljava/lang/StringBuilder;" line="117"><counter type="INSTRUCTION" missed="3" covered="0"/><counter type="LINE" missed="1" covered="0"/><counter type="COMPLEXITY" missed="1" covered="0"/><counter type="METHOD" missed="1" covered="0"/></method><method name="myItem" desc="(Lkotlin/jvm/functions/Function1;)Llesson10/task2/HTMLItem;" line="119"><counter type="INSTRUCTION" missed="13" covered="0"/><counter type="LINE" missed="1" covered="0"/><counter type="COMPLEXITY" missed="1" covered="0"/><counter type="METHOD" missed="1" covered="0"/></method><counter type="INSTRUCTION" missed="25" covered="0"/><counter type="LINE" missed="2" covered="0"/><counter type="COMPLEXITY" missed="3" covered="0"/><counter type="METHOD" missed="3" covered="0"/><counter type="CLASS" missed="1" covered="0"/></class><sourcefile name="Html.kt"><line nr="12" mi="0" ci="4" mb="0" cb="0"/><line nr="13" mi="0" ci="4" mb="0" cb="0"/><line nr="14" mi="0" ci="4" mb="0" cb="0"/><line nr="15" mi="0" ci="4" mb="0" cb="0"/><line nr="16" mi="0" ci="10" mb="0" cb="2"/><line nr="17" mi="0" ci="4" mb="0" cb="0"/><line nr="18" mi="0" ci="10" mb="0" cb="2"/><line nr="19" mi="0" ci="4" mb="0" cb="0"/><line nr="20" mi="0" ci="4" mb="0" cb="0"/><line nr="21" mi="0" ci="5" mb="0" cb="0"/><line nr="23" mi="0" ci="5" mb="0" cb="0"/><line nr="25" mi="0" ci="4" mb="0" cb="0"/><line nr="26" mi="0" ci="4" mb="0" cb="0"/><line nr="27" mi="0" ci="4" mb="0" cb="0"/><line nr="28" mi="0" ci="8" mb="0" cb="0"/><line nr="36" mi="0" ci="2" mb="0" cb="0"/><line nr="37" mi="0" ci="4" mb="0" cb="0"/><line nr="38" mi="0" ci="17" mb="0" cb="0"/><line nr="39" mi="0" ci="11" mb="0" cb="0"/><line nr="40" mi="0" ci="12" mb="0" cb="0"/><line nr="41" mi="0" ci="11" mb="0" cb="2"/><line nr="42" mi="0" ci="11" mb="0" cb="0"/><line nr="43" mi="0" ci="11" mb="0" cb="2"/><line nr="44" mi="0" ci="16" mb="0" cb="0"/><line nr="46" mi="0" ci="1" mb="0" cb="0"/><line nr="48" mi="0" ci="1" mb="0" cb="0"/><line nr="49" mi="0" ci="1" mb="0" cb="0"/><line nr="50" mi="0" ci="1" mb="0" cb="0"/><line nr="51" mi="0" ci="8" mb="0" cb="0"/><line nr="58" mi="0" ci="4" mb="0" cb="0"/><line nr="59" mi="0" ci="8" mb="0" cb="0"/><line nr="60" mi="0" ci="9" mb="0" cb="0"/><line nr="61" mi="0" ci="4" mb="0" cb="0"/><line nr="62" mi="0" ci="1" mb="0" cb="0"/><line nr="63" mi="0" ci="1" mb="0" cb="0"/><line nr="64" mi="0" ci="8" mb="0" cb="0"/><line nr="86" mi="0" ci="4" mb="0" cb="0"/><line nr="87" mi="5" ci="0" mb="0" cb="0"/><line nr="88" mi="5" ci="0" mb="0" cb="0"/><line nr="89" mi="5" ci="0" mb="0" cb="0"/><line nr="90" mi="10" ci="0" mb="0" cb="0"/><line nr="92" mi="1" ci="0" mb="0" cb="0"/><line nr="93" mi="1" ci="0" mb="0" cb="0"/><line nr="94" mi="8" ci="0" mb="0" cb="0"/><line nr="97" mi="3" ci="6" mb="0" cb="0"/><line nr="99" mi="0" ci="6" mb="0" cb="0"/><line nr="100" mi="0" ci="5" mb="0" cb="0"/><line nr="101" mi="0" ci="4" mb="0" cb="0"/><line nr="102" mi="0" ci="5" mb="0" cb="0"/><line nr="103" mi="0" ci="2" mb="0" cb="0"/><line nr="107" mi="3" ci="6" mb="0" cb="0"/><line nr="109" mi="0" ci="5" mb="0" cb="0"/><line nr="110" mi="0" ci="1" mb="0" cb="0"/><line nr="113" mi="0" ci="10" mb="0" cb="0"/><line nr="117" mi="9" ci="0" mb="0" cb="0"/><line nr="119" mi="10" ci="0" mb="0" cb="0"/><line nr="123" mi="9" ci="0" mb="0" cb="0"/><line nr="125" mi="1" ci="0" mb="0" cb="0"/><line nr="129" mi="0" ci="5" mb="0" cb="0"/><line nr="130" mi="0" ci="4" mb="0" cb="0"/><line nr="131" mi="0" ci="4" mb="0" cb="0"/><line nr="132" mi="0" ci="4" mb="0" cb="0"/><line nr="133" mi="0" ci="2" mb="0" cb="0"/><counter type="INSTRUCTION" missed="85" covered="347"/><counter type="BRANCH" missed="0" covered="8"/><counter type="LINE" missed="11" covered="52"/><counter type="COMPLEXITY" missed="9" covered="23"/><counter type="METHOD" missed="9" covered="19"/><counter type="CLASS" missed="3" covered="12"/></sourcefile><counter type="INSTRUCTION" missed="85" covered="347"/><counter type="BRANCH" missed="0" covered="8"/><counter type="LINE" missed="11" covered="52"/><counter type="COMPLEXITY" missed="9" covered="23"/><counter type="METHOD" missed="9" covered="19"/><counter type="CLASS" missed="3" covered="12"/></package><package name="lesson6/task1"><class name="lesson6/task1/ParseKt" sourcefilename="Parse.kt"><method name="timeStrToSeconds" desc="(Ljava/lang/String;)I" line="19"><counter type="INSTRUCTION" missed="0" covered="47"/><counter type="BRANCH" missed="0" covered="2"/><counter type="LINE" missed="0" covered="6"/><counter type="COMPLEXITY" missed="0" covered="2"/><counter type="METHOD" missed="0" covered="1"/></method><method name="twoDigitStr" desc="(I)Ljava/lang/String;" line="34"><counter type="INSTRUCTION" missed="1" covered="19"/><counter type="BRANCH" missed="1" covered="5"/><counter type="LINE" missed="0" covered="1"/><counter type="COMPLEXITY" missed="1" covered="3"/><counter type="METHOD" missed="0" covered="1"/></method><method name="timeSecondsToStr" desc="(I)Ljava/lang/String;" line="43"><counter type="INSTRUCTION" missed="0" covered="50"/><counter type="LINE" missed="0" covered="4"/><counter type="COMPLEXITY" missed="0" covered="1"/><counter type="METHOD" missed="0" covered="1"/></method><method name="main" desc="()V" line="53"><counter type="INSTRUCTION" missed="53" covered="0"/><counter type="BRANCH" missed="4" covered="0"/><counter type="LINE" missed="9" covered="0"/><counter type="COMPLEXITY" missed="3" covered="0"/><counter type="METHOD" missed="1" covered="0"/></method><method name="dateStrToDigit" desc="(Ljava/lang/String;)Ljava/lang/String;" line="79"><counter type="INSTRUCTION" missed="0" covered="13"/><counter type="LINE" missed="0" covered="1"/><counter type="COMPLEXITY" missed="0" covered="1"/><counter type="METHOD" missed="0" covered="1"/></method><method name="dateDigitToStr" desc="(Ljava/lang/String;)Ljava/lang/String;" line="91"><counter type="INSTRUCTION" missed="0" covered="13"/><counter type="LINE" missed="0" covered="1"/><counter type="COMPLEXITY" missed="0" covered="1"/><counter type="METHOD" missed="0" covered="1"/></method><method name="flattenPhoneNumber" desc="(Ljava/lang/String;)Ljava/lang/String;" line="107"><counter type="INSTRUCTION" missed="0" covered="13"/><counter type="LINE" missed="0" covered="1"/><counter type="COMPLEXITY" missed="0" covered="1"/><counter type="METHOD" missed="0" covered="1"/></method><method name="bestLongJump" desc="(Ljava/lang/String;)I" line="120"><counter type="INSTRUCTION" missed="0" covered="72"/><counter type="BRANCH" missed="0" covered="12"/><counter type="LINE" missed="0" covered="10"/><counter type="COMPLEXITY" missed="0" covered="7"/><counter type="METHOD" missed="0" covered="1"/></method><method name="bestHighJump" desc="(Ljava/lang/String;)I" line="145"><counter type="INSTRUCTION" missed="0" covered="103"/><counter type="BRANCH" missed="2" covered="10"/><counter type="LINE" missed="0" covered="8"/><counter type="COMPLEXITY" missed="2" covered="5"/><counter type="METHOD" missed="0" covered="1"/></method><method name="plusMinus" desc="(Ljava/lang/String;)I" line="168"><counter type="INSTRUCTION" missed="3" covered="123"/><counter type="BRANCH" missed="5" covered="11"/><counter type="LINE" missed="0" covered="7"/><counter type="COMPLEXITY" missed="4" covered="5"/><counter type="METHOD" missed="0" covered="1"/></method><method name="firstDuplicateIndex" desc="(Ljava/lang/String;)I" line="188"><counter type="INSTRUCTION" missed="0" covered="64"/><counter type="BRANCH" missed="1" covered="5"/><counter type="LINE" missed="0" covered="6"/><counter type="COMPLEXITY" missed="1" covered="3"/><counter type="METHOD" missed="0" covered="1"/></method><method name="mostExpensive" desc="(Ljava/lang/String;)Ljava/lang/String;" line="209"><counter type="INSTRUCTION" missed="7" covered="141"/><counter type="BRANCH" missed="7" covered="11"/><counter type="LINE" missed="1" covered="8"/><counter type="COMPLEXITY" missed="5" covered="5"/><counter type="METHOD" missed="0" covered="1"/></method><method name="fromRoman" desc="(Ljava/lang/String;)I" line="233"><counter type="INSTRUCTION" missed="5" covered="209"/><counter type="BRANCH" missed="3" covered="53"/><counter type="LINE" missed="0" covered="22"/><counter type="COMPLEXITY" missed="3" covered="26"/><counter type="METHOD" missed="0" covered="1"/></method><method name="computeDeviceCells" desc="(ILjava/lang/String;I)Ljava/util/List;" line="296"><counter type="INSTRUCTION" missed="0" covered="13"/><counter type="LINE" missed="0" covered="1"/><counter type="COMPLEXITY" missed="0" covered="1"/><counter type="METHOD" missed="0" covered="1"/></method><counter type="INSTRUCTION" missed="69" covered="880"/><counter type="BRANCH" missed="23" covered="109"/><counter type="LINE" missed="10" covered="76"/><counter type="COMPLEXITY" missed="19" covered="61"/><counter type="METHOD" missed="1" covered="13"/><counter type="CLASS" missed="0" covered="1"/></class><sourcefile name="Parse.kt"><line nr="19" mi="0" ci="16" mb="0" cb="0"/><line nr="20" mi="0" ci="2" mb="0" cb="0"/><line nr="21" mi="0" ci="10" mb="0" cb="2"/><line nr="22" mi="0" ci="7" mb="0" cb="0"/><line nr="23" mi="0" ci="7" mb="0" cb="0"/><line nr="25" mi="0" ci="2" mb="0" cb="0"/><line nr="34" mi="1" ci="19" mb="1" cb="5"/><line nr="43" mi="0" ci="4" mb="0" cb="0"/><line nr="44" mi="0" ci="6" mb="0" cb="0"/><line nr="45" mi="0" ci="4" mb="0" cb="0"/><line nr="46" mi="0" ci="36" mb="0" cb="0"/><line nr="53" mi="7" ci="0" mb="0" cb="0"/><line nr="54" mi="2" ci="0" mb="0" cb="0"/><line nr="55" mi="2" ci="0" mb="2" cb="0"/><line nr="56" mi="3" ci="0" mb="0" cb="0"/><line nr="57" mi="3" ci="0" mb="2" cb="0"/><line nr="58" mi="17" ci="0" mb="0" cb="0"/><line nr="60" mi="11" ci="0" mb="0" cb="0"/><line nr="63" mi="7" ci="0" mb="0" cb="0"/><line nr="65" mi="1" ci="0" mb="0" cb="0"/><line nr="79" mi="0" ci="10" mb="0" cb="0"/><line nr="91" mi="0" ci="10" mb="0" cb="0"/><line nr="107" mi="0" ci="10" mb="0" cb="0"/><line nr="120" mi="0" ci="18" mb="0" cb="0"/><line nr="121" mi="0" ci="2" mb="0" cb="0"/><line nr="122" mi="0" ci="8" mb="0" cb="2"/><line nr="123" mi="0" ci="8" mb="0" cb="2"/><line nr="124" mi="0" ci="5" mb="0" cb="2"/><line nr="125" mi="0" ci="10" mb="0" cb="2"/><line nr="126" mi="0" ci="10" mb="0" cb="2"/><line nr="127" mi="0" ci="3" mb="0" cb="2"/><line nr="128" mi="0" ci="3" mb="0" cb="0"/><line nr="130" mi="0" ci="2" mb="0" cb="0"/><line nr="145" mi="0" ci="2" mb="0" cb="0"/><line nr="146" mi="0" ci="16" mb="0" cb="2"/><line nr="147" mi="0" ci="16" mb="0" cb="0"/><line nr="148" mi="0" ci="14" mb="1" cb="3"/><line nr="149" mi="0" ci="16" mb="0" cb="2"/><line nr="150" mi="0" ci="13" mb="0" cb="2"/><line nr="152" mi="0" ci="21" mb="1" cb="1"/><line nr="154" mi="0" ci="2" mb="0" cb="0"/><line nr="168" mi="0" ci="18" mb="0" cb="2"/><line nr="169" mi="0" ci="16" mb="0" cb="0"/><line nr="170" mi="0" ci="10" mb="0" cb="0"/><line nr="171" mi="3" ci="33" mb="4" cb="6"/><line nr="172" mi="0" ci="21" mb="0" cb="2"/><line nr="173" mi="0" ci="20" mb="1" cb="1"/><line nr="175" mi="0" ci="2" mb="0" cb="0"/><line nr="188" mi="0" ci="16" mb="0" cb="0"/><line nr="189" mi="0" ci="2" mb="0" cb="0"/><line nr="190" mi="0" ci="16" mb="1" cb="3"/><line nr="191" mi="0" ci="15" mb="0" cb="2"/><line nr="192" mi="0" ci="10" mb="0" cb="0"/><line nr="194" mi="0" ci="2" mb="0" cb="0"/><line nr="209" mi="0" ci="14" mb="0" cb="2"/><line nr="210" mi="0" ci="2" mb="0" cb="0"/><line nr="211" mi="0" ci="13" mb="0" cb="0"/><line nr="212" mi="0" ci="29" mb="0" cb="4"/><line nr="213" mi="5" ci="31" mb="6" cb="4"/><line nr="214" mi="0" ci="10" mb="0" cb="0"/><line nr="215" mi="0" ci="23" mb="1" cb="1"/><line nr="216" mi="2" ci="0" mb="0" cb="0"/><line nr="218" mi="0" ci="16" mb="0" cb="0"/><line nr="233" mi="0" ci="16" mb="0" cb="2"/><line nr="234" mi="0" ci="2" mb="0" cb="0"/><line nr="235" mi="0" ci="18" mb="0" cb="0"/><line nr="236" mi="0" ci="16" mb="1" cb="3"/><line nr="237" mi="0" ci="5" mb="0" cb="0"/><line nr="238" mi="0" ci="7" mb="0" cb="0"/><line nr="239" mi="0" ci="7" mb="0" cb="0"/><line nr="240" mi="0" ci="1" mb="0" cb="0"/><line nr="241" mi="0" ci="13" mb="0" cb="4"/><line nr="242" mi="0" ci="13" mb="1" cb="3"/><line nr="243" mi="0" ci="13" mb="0" cb="4"/><line nr="244" mi="5" ci="8" mb="1" cb="3"/><line nr="245" mi="0" ci="10" mb="0" cb="4"/><line nr="246" mi="0" ci="10" mb="0" cb="4"/><line nr="247" mi="0" ci="10" mb="0" cb="4"/><line nr="248" mi="0" ci="10" mb="0" cb="4"/><line nr="249" mi="0" ci="10" mb="0" cb="4"/><line nr="250" mi="0" ci="10" mb="0" cb="4"/><line nr="251" mi="0" ci="10" mb="0" cb="4"/><line nr="252" mi="0" ci="10" mb="0" cb="4"/><line nr="253" mi="0" ci="5" mb="0" cb="2"/><line nr="256" mi="0" ci="2" mb="0" cb="0"/><line nr="296" mi="0" ci="10" mb="0" cb="0"/><counter type="INSTRUCTION" missed="69" covered="880"/><counter type="BRANCH" missed="23" covered="109"/><counter type="LINE" missed="10" covered="76"/><counter type="COMPLEXITY" missed="19" covered="61"/><counter type="METHOD" missed="1" covered="13"/><counter type="CLASS" missed="0" covered="1"/></sourcefile><counter type="INSTRUCTION" missed="69" covered="880"/><counter type="BRANCH" missed="23" covered="109"/><counter type="LINE" missed="10" covered="76"/><counter type="COMPLEXITY" missed="19" covered="61"/><counter type="METHOD" missed="1" covered="13"/><counter type="CLASS" missed="0" covered="1"/></package><package name="lesson7/task1"><class name="lesson7/task1/FilesKt" sourcefilename="Files.kt"><method name="alignFile" desc="(Ljava/lang/String;ILjava/lang/String;)V" line="25"><counter type="INSTRUCTION" missed="3" covered="129"/><counter type="BRANCH" missed="2" covered="10"/><counter type="LINE" missed="0" covered="13"/><counter type="COMPLEXITY" missed="2" covered="5"/><counter type="METHOD" missed="0" covered="1"/></method><method name="deleteMarked" desc="(Ljava/lang/String;Ljava/lang/String;)V" line="66"><counter type="INSTRUCTION" missed="3" covered="97"/><counter type="BRANCH" missed="1" covered="9"/><counter type="LINE" missed="0" covered="8"/><counter type="COMPLEXITY" missed="1" covered="5"/><counter type="METHOD" missed="0" covered="1"/></method><method name="countInLine" desc="(Ljava/lang/String;Ljava/lang/String;I)I" line="79"><counter type="INSTRUCTION" missed="0" covered="46"/><counter type="BRANCH" missed="0" covered="2"/><counter type="LINE" missed="0" covered="3"/><counter type="COMPLEXITY" missed="0" covered="2"/><counter type="METHOD" missed="0" covered="1"/></method><method name="countSubstrings" desc="(Ljava/lang/String;Ljava/util/List;)Ljava/util/Map;" line="96"><counter type="INSTRUCTION" missed="0" covered="89"/><counter type="BRANCH" missed="0" covered="4"/><counter type="LINE" missed="0" covered="10"/><counter type="COMPLEXITY" missed="0" covered="3"/><counter type="METHOD" missed="0" covered="1"/></method><method name="sibilants" desc="(Ljava/lang/String;Ljava/lang/String;)V" line="125"><counter type="INSTRUCTION" missed="3" covered="227"/><counter type="BRANCH" missed="2" covered="10"/><counter type="LINE" missed="0" covered="12"/><counter type="COMPLEXITY" missed="2" covered="5"/><counter type="METHOD" missed="0" covered="1"/></method><method name="centerFile" desc="(Ljava/lang/String;Ljava/lang/String;)V" line="158"><counter type="INSTRUCTION" missed="6" covered="163"/><counter type="BRANCH" missed="2" covered="6"/><counter type="LINE" missed="0" covered="11"/><counter type="COMPLEXITY" missed="2" covered="3"/><counter type="METHOD" missed="0" covered="1"/></method><method name="alignFileByWidth" desc="(Ljava/lang/String;Ljava/lang/String;)V" line="199"><counter type="INSTRUCTION" missed="6" covered="400"/><counter type="BRANCH" missed="2" covered="26"/><counter type="LINE" missed="0" covered="31"/><counter type="COMPLEXITY" missed="2" covered="13"/><counter type="METHOD" missed="0" covered="1"/></method><method name="top20Words" desc="(Ljava/lang/String;)Ljava/util/Map;" line="260"><counter type="INSTRUCTION" missed="0" covered="13"/><counter type="LINE" missed="0" covered="1"/><counter type="COMPLEXITY" missed="0" covered="1"/><counter type="METHOD" missed="0" covered="1"/></method><method name="transliterate" desc="(Ljava/lang/String;Ljava/util/Map;Ljava/lang/String;)V" line="298"><counter type="INSTRUCTION" missed="0" covered="19"/><counter type="LINE" missed="0" covered="1"/><counter type="COMPLEXITY" missed="0" covered="1"/><counter type="METHOD" missed="0" covered="1"/></method><method name="chooseLongestChaoticWord" desc="(Ljava/lang/String;Ljava/lang/String;)V" line="326"><counter type="INSTRUCTION" missed="0" covered="16"/><counter type="LINE" missed="0" covered="1"/><counter type="COMPLEXITY" missed="0" covered="1"/><counter type="METHOD" missed="0" covered="1"/></method><method name="markdownToHtmlSimple" desc="(Ljava/lang/String;Ljava/lang/String;)V" line="375"><counter type="INSTRUCTION" missed="14" covered="408"/><counter type="BRANCH" missed="15" covered="79"/><counter type="LINE" missed="2" covered="48"/><counter type="COMPLEXITY" missed="13" covered="35"/><counter type="METHOD" missed="0" covered="1"/></method><method name="markdownToHtmlLists" desc="(Ljava/lang/String;Ljava/lang/String;)V" line="554"><counter type="INSTRUCTION" missed="0" covered="16"/><counter type="LINE" missed="0" covered="1"/><counter type="COMPLEXITY" missed="0" covered="1"/><counter type="METHOD" missed="0" covered="1"/></method><method name="markdownToHtml" desc="(Ljava/lang/String;Ljava/lang/String;)V" line="566"><counter type="INSTRUCTION" missed="0" covered="16"/><counter type="LINE" missed="0" covered="1"/><counter type="COMPLEXITY" missed="0" covered="1"/><counter type="METHOD" missed="0" covered="1"/></method><method name="printMultiplicationProcess" desc="(IILjava/lang/String;)V" line="595"><counter type="INSTRUCTION" missed="0" covered="13"/><counter type="LINE" missed="0" covered="1"/><counter type="COMPLEXITY" missed="0" covered="1"/><counter type="METHOD" missed="0" covered="1"/></method><method name="printDivisionProcess" desc="(IILjava/lang/String;)V" line="620"><counter type="INSTRUCTION" missed="24" covered="391"/><counter type="BRANCH" missed="2" covered="18"/><counter type="LINE" missed="2" covered="46"/><counter type="COMPLEXITY" missed="2" covered="9"/><counter type="METHOD" missed="0" covered="1"/></method><method name="alignFile$append" desc="(Lkotlin/jvm/internal/Ref$IntRef;ILjava/io/BufferedWriter;Ljava/lang/String;)V" line="28"><counter type="INSTRUCTION" missed="0" covered="38"/><counter type="BRANCH" missed="0" covered="4"/><counter type="LINE" missed="0" covered="9"/><counter type="COMPLEXITY" missed="0" covered="3"/><counter type="METHOD" missed="0" covered="1"/></method><counter type="INSTRUCTION" missed="59" covered="2081"/><counter type="BRANCH" missed="26" covered="168"/><counter type="LINE" missed="4" covered="197"/><counter type="COMPLEXITY" missed="24" covered="89"/><counter type="METHOD" missed="0" covered="16"/><counter type="CLASS" missed="0" covered="1"/></class><sourcefile name="Files.kt"><line nr="25" mi="3" ci="45" mb="1" cb="1"/><line nr="26" mi="0" ci="4" mb="0" cb="0"/><line nr="28" mi="0" ci="3" mb="0" cb="2"/><line nr="29" mi="0" ci="7" mb="0" cb="2"/><line nr="30" mi="0" ci="2" mb="0" cb="0"/><line nr="31" mi="0" ci="4" mb="0" cb="0"/><line nr="33" mi="0" ci="3" mb="0" cb="0"/><line nr="34" mi="0" ci="8" mb="0" cb="0"/><line nr="37" mi="0" ci="3" mb="0" cb="0"/><line nr="38" mi="0" ci="7" mb="0" cb="0"/><line nr="39" mi="0" ci="1" mb="0" cb="0"/><line nr="40" mi="0" ci="17" mb="0" cb="2"/><line nr="41" mi="0" ci="12" mb="0" cb="4"/><line nr="42" mi="0" ci="2" mb="0" cb="0"/><line nr="43" mi="0" ci="3" mb="1" cb="1"/><line nr="44" mi="0" ci="2" mb="0" cb="0"/><line nr="45" mi="0" ci="3" mb="0" cb="0"/><line nr="47" mi="0" ci="1" mb="0" cb="0"/><line nr="49" mi="0" ci="25" mb="0" cb="2"/><line nr="50" mi="0" ci="6" mb="0" cb="0"/><line nr="53" mi="0" ci="2" mb="0" cb="0"/><line nr="54" mi="0" ci="1" mb="0" cb="0"/><line nr="66" mi="3" ci="45" mb="1" cb="1"/><line nr="67" mi="0" ci="17" mb="0" cb="2"/><line nr="68" mi="0" ci="15" mb="0" cb="4"/><line nr="69" mi="0" ci="5" mb="0" cb="2"/><line nr="70" mi="0" ci="3" mb="0" cb="0"/><line nr="71" mi="0" ci="3" mb="0" cb="0"/><line nr="74" mi="0" ci="2" mb="0" cb="0"/><line nr="75" mi="0" ci="1" mb="0" cb="0"/><line nr="79" mi="0" ci="12" mb="0" cb="2"/><line nr="81" mi="0" ci="4" mb="0" cb="0"/><line nr="82" mi="0" ci="24" mb="0" cb="0"/><line nr="96" mi="0" ci="7" mb="0" cb="0"/><line nr="97" mi="0" ci="2" mb="0" cb="0"/><line nr="98" mi="0" ci="10" mb="0" cb="2"/><line nr="99" mi="0" ci="17" mb="0" cb="2"/><line nr="100" mi="0" ci="11" mb="0" cb="0"/><line nr="101" mi="0" ci="11" mb="0" cb="0"/><line nr="102" mi="0" ci="8" mb="0" cb="0"/><line nr="104" mi="0" ci="12" mb="0" cb="0"/><line nr="105" mi="0" ci="3" mb="0" cb="0"/><line nr="107" mi="0" ci="2" mb="0" cb="0"/><line nr="125" mi="0" ci="46" mb="0" cb="0"/><line nr="126" mi="0" ci="54" mb="0" cb="0"/><line nr="127" mi="3" ci="45" mb="1" cb="1"/><line nr="128" mi="0" ci="17" mb="0" cb="2"/><line nr="129" mi="0" ci="6" mb="0" cb="0"/><line nr="130" mi="0" ci="14" mb="1" cb="3"/><line nr="131" mi="0" ci="17" mb="0" cb="4"/><line nr="132" mi="0" ci="10" mb="0" cb="0"/><line nr="133" mi="0" ci="6" mb="0" cb="0"/><line nr="135" mi="0" ci="3" mb="0" cb="0"/><line nr="137" mi="0" ci="2" mb="0" cb="0"/><line nr="138" mi="0" ci="1" mb="0" cb="0"/><line nr="158" mi="3" ci="45" mb="1" cb="1"/><line nr="159" mi="0" ci="7" mb="0" cb="0"/><line nr="160" mi="0" ci="17" mb="0" cb="2"/><line nr="161" mi="0" ci="22" mb="0" cb="0"/><line nr="162" mi="3" ci="10" mb="1" cb="1"/><line nr="163" mi="0" ci="25" mb="0" cb="2"/><line nr="164" mi="0" ci="14" mb="0" cb="0"/><line nr="165" mi="0" ci="11" mb="0" cb="0"/><line nr="166" mi="0" ci="3" mb="0" cb="0"/><line nr="168" mi="0" ci="2" mb="0" cb="0"/><line nr="169" mi="0" ci="1" mb="0" cb="0"/><line nr="199" mi="3" ci="45" mb="1" cb="1"/><line nr="200" mi="0" ci="7" mb="0" cb="0"/><line nr="201" mi="0" ci="7" mb="0" cb="0"/><line nr="202" mi="0" ci="25" mb="0" cb="2"/><line nr="203" mi="0" ci="12" mb="0" cb="0"/><line nr="204" mi="0" ci="12" mb="0" cb="0"/><line nr="205" mi="0" ci="14" mb="0" cb="2"/><line nr="206" mi="0" ci="6" mb="0" cb="0"/><line nr="207" mi="0" ci="25" mb="0" cb="2"/><line nr="208" mi="0" ci="12" mb="0" cb="4"/><line nr="209" mi="0" ci="19" mb="0" cb="0"/><line nr="210" mi="0" ci="19" mb="0" cb="0"/><line nr="213" mi="0" ci="19" mb="0" cb="0"/><line nr="217" mi="3" ci="10" mb="1" cb="1"/><line nr="218" mi="0" ci="25" mb="0" cb="2"/><line nr="219" mi="0" ci="14" mb="0" cb="2"/><line nr="220" mi="0" ci="2" mb="0" cb="0"/><line nr="221" mi="0" ci="2" mb="0" cb="0"/><line nr="222" mi="0" ci="7" mb="0" cb="2"/><line nr="223" mi="0" ci="16" mb="0" cb="0"/><line nr="224" mi="0" ci="16" mb="0" cb="0"/><line nr="226" mi="0" ci="4" mb="0" cb="0"/><line nr="227" mi="0" ci="25" mb="0" cb="2"/><line nr="228" mi="0" ci="12" mb="0" cb="4"/><line nr="229" mi="0" ci="17" mb="0" cb="2"/><line nr="230" mi="0" ci="7" mb="0" cb="0"/><line nr="233" mi="0" ci="6" mb="0" cb="0"/><line nr="234" mi="0" ci="3" mb="0" cb="0"/><line nr="235" mi="0" ci="3" mb="0" cb="0"/><line nr="237" mi="0" ci="2" mb="0" cb="0"/><line nr="238" mi="0" ci="1" mb="0" cb="0"/><line nr="260" mi="0" ci="10" mb="0" cb="0"/><line nr="298" mi="0" ci="10" mb="0" cb="0"/><line nr="326" mi="0" ci="10" mb="0" cb="0"/><line nr="375" mi="3" ci="45" mb="1" cb="1"/><line nr="376" mi="0" ci="2" mb="0" cb="0"/><line nr="377" mi="0" ci="2" mb="0" cb="0"/><line nr="378" mi="0" ci="2" mb="0" cb="0"/><line nr="379" mi="0" ci="2" mb="0" cb="0"/><line nr="380" mi="0" ci="3" mb="0" cb="0"/><line nr="381" mi="0" ci="17" mb="0" cb="2"/><line nr="382" mi="0" ci="14" mb="0" cb="2"/><line nr="383" mi="0" ci="2" mb="0" cb="2"/><line nr="384" mi="0" ci="3" mb="0" cb="0"/><line nr="385" mi="0" ci="6" mb="0" cb="0"/><line nr="387" mi="0" ci="19" mb="0" cb="0"/><line nr="388" mi="0" ci="17" mb="1" cb="3"/><line nr="389" mi="0" ci="5" mb="0" cb="0"/><line nr="390" mi="0" ci="7" mb="0" cb="0"/><line nr="391" mi="0" ci="7" mb="0" cb="0"/><line nr="392" mi="0" ci="12" mb="0" cb="4"/><line nr="394" mi="0" ci="1" mb="0" cb="0"/><line nr="396" mi="0" ci="10" mb="0" cb="6"/><line nr="398" mi="0" ci="3" mb="0" cb="0"/><line nr="399" mi="0" ci="7" mb="0" cb="0"/><line nr="401" mi="0" ci="11" mb="1" cb="5"/><line nr="403" mi="0" ci="3" mb="0" cb="0"/><line nr="404" mi="0" ci="7" mb="0" cb="0"/><line nr="408" mi="0" ci="17" mb="1" cb="9"/><line nr="410" mi="0" ci="3" mb="0" cb="0"/><line nr="411" mi="0" ci="7" mb="0" cb="0"/><line nr="413" mi="3" ci="15" mb="3" cb="7"/><line nr="415" mi="0" ci="3" mb="0" cb="0"/><line nr="416" mi="0" ci="7" mb="0" cb="0"/><line nr="420" mi="0" ci="25" mb="0" cb="12"/><line nr="422" mi="0" ci="3" mb="0" cb="0"/><line nr="423" mi="0" ci="2" mb="0" cb="0"/><line nr="425" mi="3" ci="23" mb="3" cb="9"/><line nr="427" mi="0" ci="3" mb="0" cb="0"/><line nr="428" mi="0" ci="2" mb="0" cb="0"/><line nr="432" mi="0" ci="14" mb="1" cb="7"/><line nr="434" mi="3" ci="0" mb="0" cb="0"/><line nr="435" mi="2" ci="0" mb="0" cb="0"/><line nr="437" mi="0" ci="15" mb="1" cb="7"/><line nr="439" mi="0" ci="3" mb="0" cb="0"/><line nr="440" mi="0" ci="1" mb="0" cb="0"/><line nr="445" mi="0" ci="28" mb="2" cb="2"/><line nr="446" mi="0" ci="3" mb="0" cb="0"/><line nr="447" mi="0" ci="6" mb="0" cb="0"/><line nr="449" mi="0" ci="3" mb="0" cb="0"/><line nr="451" mi="0" ci="6" mb="1" cb="1"/><line nr="452" mi="0" ci="3" mb="0" cb="0"/><line nr="453" mi="0" ci="2" mb="0" cb="0"/><line nr="454" mi="0" ci="1" mb="0" cb="0"/><line nr="554" mi="0" ci="10" mb="0" cb="0"/><line nr="566" mi="0" ci="10" mb="0" cb="0"/><line nr="595" mi="0" ci="10" mb="0" cb="0"/><line nr="620" mi="0" ci="34" mb="0" cb="4"/><line nr="621" mi="3" ci="45" mb="1" cb="1"/><line nr="622" mi="0" ci="5" mb="0" cb="0"/><line nr="624" mi="0" ci="8" mb="0" cb="0"/><line nr="625" mi="0" ci="4" mb="0" cb="0"/><line nr="627" mi="0" ci="2" mb="0" cb="0"/><line nr="628" mi="0" ci="2" mb="0" cb="0"/><line nr="629" mi="0" ci="2" mb="0" cb="2"/><line nr="630" mi="0" ci="3" mb="0" cb="0"/><line nr="631" mi="0" ci="4" mb="0" cb="0"/><line nr="633" mi="0" ci="12" mb="0" cb="4"/><line nr="634" mi="0" ci="6" mb="0" cb="0"/><line nr="635" mi="0" ci="7" mb="0" cb="0"/><line nr="639" mi="0" ci="9" mb="0" cb="0"/><line nr="640" mi="0" ci="5" mb="0" cb="0"/><line nr="642" mi="0" ci="9" mb="0" cb="0"/><line nr="643" mi="0" ci="6" mb="0" cb="0"/><line nr="644" mi="0" ci="9" mb="0" cb="0"/><line nr="645" mi="0" ci="2" mb="0" cb="0"/><line nr="646" mi="0" ci="2" mb="0" cb="0"/><line nr="649" mi="0" ci="3" mb="1" cb="1"/><line nr="650" mi="6" ci="0" mb="0" cb="0"/><line nr="651" mi="15" ci="0" mb="0" cb="0"/><line nr="653" mi="0" ci="2" mb="0" cb="0"/><line nr="654" mi="0" ci="16" mb="0" cb="0"/><line nr="656" mi="0" ci="4" mb="0" cb="0"/><line nr="657" mi="0" ci="2" mb="0" cb="0"/><line nr="658" mi="0" ci="41" mb="0" cb="0"/><line nr="659" mi="0" ci="13" mb="0" cb="0"/><line nr="663" mi="0" ci="14" mb="0" cb="4"/><line nr="664" mi="0" ci="8" mb="0" cb="0"/><line nr="665" mi="0" ci="4" mb="0" cb="0"/><line nr="666" mi="0" ci="5" mb="0" cb="0"/><line nr="667" mi="0" ci="9" mb="0" cb="0"/><line nr="668" mi="0" ci="7" mb="0" cb="0"/><line nr="669" mi="0" ci="2" mb="0" cb="0"/><line nr="671" mi="0" ci="4" mb="0" cb="2"/><line nr="672" mi="0" ci="2" mb="0" cb="0"/><line nr="673" mi="0" ci="8" mb="0" cb="0"/><line nr="674" mi="0" ci="2" mb="0" cb="0"/><line nr="676" mi="0" ci="9" mb="0" cb="0"/><line nr="678" mi="0" ci="2" mb="0" cb="0"/><line nr="679" mi="0" ci="27" mb="0" cb="0"/><line nr="680" mi="0" ci="14" mb="0" cb="0"/><line nr="681" mi="0" ci="7" mb="0" cb="0"/><line nr="683" mi="0" ci="4" mb="0" cb="0"/><line nr="685" mi="0" ci="2" mb="0" cb="0"/><line nr="686" mi="0" ci="1" mb="0" cb="0"/><counter type="INSTRUCTION" missed="59" covered="2081"/><counter type="BRANCH" missed="26" covered="168"/><counter type="LINE" missed="4" covered="197"/><counter type="COMPLEXITY" missed="24" covered="89"/><counter type="METHOD" missed="0" covered="16"/><counter type="CLASS" missed="0" covered="1"/></sourcefile><counter type="INSTRUCTION" missed="59" covered="2081"/><counter type="BRANCH" missed="26" covered="168"/><counter type="LINE" missed="4" covered="197"/><counter type="COMPLEXITY" missed="24" covered="89"/><counter type="METHOD" missed="0" covered="16"/><counter type="CLASS" missed="0" covered="1"/></package><package name="lesson5/task1"><class name="lesson5/task1/MapKt" sourcefilename="Map.kt"><method name="shoppingListCost" desc="(Ljava/util/List;Ljava/util/Map;)D" line="22"><counter type="INSTRUCTION" missed="0" covered="33"/><counter type="BRANCH" missed="0" covered="4"/><counter type="LINE" missed="0" covered="6"/><counter type="COMPLEXITY" missed="0" covered="3"/><counter type="METHOD" missed="0" covered="1"/></method><method name="filterByCountryCode" desc="(Ljava/util/Map;Ljava/lang/String;)V" line="44"><counter type="INSTRUCTION" missed="0" covered="72"/><counter type="BRANCH" missed="0" covered="6"/><counter type="LINE" missed="0" covered="7"/><counter type="COMPLEXITY" missed="0" covered="4"/><counter type="METHOD" missed="0" covered="1"/></method><method name="removeFillerWords" desc="(Ljava/util/List;[Ljava/lang/String;)Ljava/util/List;" line="67"><counter type="INSTRUCTION" missed="0" covered="45"/><counter type="BRANCH" missed="0" covered="4"/><counter type="LINE" missed="0" covered="6"/><counter type="COMPLEXITY" missed="0" covered="3"/><counter type="METHOD" missed="0" covered="1"/></method><method name="buildWordSet" desc="(Ljava/util/List;)Ljava/util/Set;" line="84"><counter type="INSTRUCTION" missed="0" covered="27"/><counter type="BRANCH" missed="0" covered="2"/><counter type="LINE" missed="0" covered="3"/><counter type="COMPLEXITY" missed="0" covered="2"/><counter type="METHOD" missed="0" covered="1"/></method><method name="buildGrades" desc="(Ljava/util/Map;)Ljava/util/Map;" line="101"><counter type="INSTRUCTION" missed="0" covered="68"/><counter type="BRANCH" missed="0" covered="2"/><counter type="LINE" missed="0" covered="3"/><counter type="COMPLEXITY" missed="0" covered="2"/><counter type="METHOD" missed="0" covered="1"/></method><method name="containsIn" desc="(Ljava/util/Map;Ljava/util/Map;)Z" line="117"><counter type="INSTRUCTION" missed="0" covered="51"/><counter type="BRANCH" missed="1" covered="5"/><counter type="LINE" missed="0" covered="3"/><counter type="COMPLEXITY" missed="1" covered="3"/><counter type="METHOD" missed="0" covered="1"/></method><method name="subtractOf" desc="(Ljava/util/Map;Ljava/util/Map;)V" line="138"><counter type="INSTRUCTION" missed="0" covered="49"/><counter type="BRANCH" missed="0" covered="4"/><counter type="LINE" missed="0" covered="3"/><counter type="COMPLEXITY" missed="0" covered="3"/><counter type="METHOD" missed="0" covered="1"/></method><method name="whoAreInBoth" desc="(Ljava/util/List;Ljava/util/List;)Ljava/util/List;" line="151"><counter type="INSTRUCTION" missed="0" covered="40"/><counter type="BRANCH" missed="0" covered="4"/><counter type="LINE" missed="0" covered="5"/><counter type="COMPLEXITY" missed="0" covered="3"/><counter type="METHOD" missed="0" covered="1"/></method><method name="mergePhoneBooks" desc="(Ljava/util/Map;Ljava/util/Map;)Ljava/util/Map;" line="177"><counter type="INSTRUCTION" missed="0" covered="186"/><counter type="BRANCH" missed="0" covered="8"/><counter type="LINE" missed="0" covered="7"/><counter type="COMPLEXITY" missed="0" covered="5"/><counter type="METHOD" missed="0" covered="1"/></method><method name="averageStockPrice" desc="(Ljava/util/List;)Ljava/util/Map;" line="199"><counter type="INSTRUCTION" missed="0" covered="117"/><counter type="BRANCH" missed="0" covered="4"/><counter type="LINE" missed="0" covered="7"/><counter type="COMPLEXITY" missed="0" covered="3"/><counter type="METHOD" missed="0" covered="1"/></method><method name="findCheapestStuff" desc="(Ljava/util/Map;Ljava/lang/String;)Ljava/lang/String;" line="226"><counter type="INSTRUCTION" missed="0" covered="71"/><counter type="BRANCH" missed="1" covered="9"/><counter type="LINE" missed="0" covered="7"/><counter type="COMPLEXITY" missed="1" covered="5"/><counter type="METHOD" missed="0" covered="1"/></method><method name="canBuildFrom" desc="(Ljava/util/List;Ljava/lang/String;)Z" line="247"><counter type="INSTRUCTION" missed="0" covered="62"/><counter type="BRANCH" missed="0" covered="4"/><counter type="LINE" missed="0" covered="4"/><counter type="COMPLEXITY" missed="0" covered="3"/><counter type="METHOD" missed="0" covered="1"/></method><method name="extractRepeats" desc="(Ljava/util/List;)Ljava/util/Map;" line="267"><counter type="INSTRUCTION" missed="0" covered="53"/><counter type="BRANCH" missed="0" covered="6"/><counter type="LINE" missed="0" covered="4"/><counter type="COMPLEXITY" missed="0" covered="4"/><counter type="METHOD" missed="0" covered="1"/></method><method name="hasAnagrams" desc="(Ljava/util/List;)Z" line="286"><counter type="INSTRUCTION" missed="0" covered="13"/><counter type="LINE" missed="0" covered="1"/><counter type="COMPLEXITY" missed="0" covered="1"/><counter type="METHOD" missed="0" covered="1"/></method><method name="friendsOfFriend" desc="(Ljava/lang/String;Ljava/util/Map;Ljava/util/Set;)Ljava/util/Set;" line="328"><counter type="INSTRUCTION" missed="0" covered="70"/><counter type="BRANCH" missed="0" covered="6"/><counter type="LINE" missed="0" covered="7"/><counter type="COMPLEXITY" missed="0" covered="4"/><counter type="METHOD" missed="0" covered="1"/></method><method name="friendsOfFriend$default" desc="(Ljava/lang/String;Ljava/util/Map;Ljava/util/Set;ILjava/lang/Object;)Ljava/util/Set;" line="323"><counter type="INSTRUCTION" missed="0" covered="15"/><counter type="LINE" missed="0" covered="2"/><counter type="COMPLEXITY" missed="0" covered="1"/><counter type="METHOD" missed="0" covered="1"/></method><method name="propagateHandshakes" desc="(Ljava/util/Map;)Ljava/util/Map;" line="340"><counter type="INSTRUCTION" missed="0" covered="110"/><counter type="BRANCH" missed="0" covered="6"/><counter type="LINE" missed="0" covered="8"/><counter type="COMPLEXITY" missed="0" covered="4"/><counter type="METHOD" missed="0" covered="1"/></method><method name="findSumOfTwo" desc="(Ljava/util/List;I)Lkotlin/Pair;" line="370"><counter type="INSTRUCTION" missed="0" covered="82"/><counter type="BRANCH" missed="0" covered="6"/><counter type="LINE" missed="0" covered="5"/><counter type="COMPLEXITY" missed="0" covered="4"/><counter type="METHOD" missed="0" covered="1"/></method><method name="bagPacking" desc="(Ljava/util/Map;I)Ljava/util/Set;" line="399"><counter type="INSTRUCTION" missed="0" covered="13"/><counter type="LINE" missed="0" covered="1"/><counter type="COMPLEXITY" missed="0" covered="1"/><counter type="METHOD" missed="0" covered="1"/></method><counter type="INSTRUCTION" missed="0" covered="1177"/><counter type="BRANCH" missed="2" covered="80"/><counter type="LINE" missed="0" covered="89"/><counter type="COMPLEXITY" missed="2" covered="58"/><counter type="METHOD" missed="0" covered="19"/><counter type="CLASS" missed="0" covered="1"/></class><sourcefile name="Map.kt"><line nr="22" mi="0" ci="2" mb="0" cb="0"/><line nr="24" mi="0" ci="10" mb="0" cb="2"/><line nr="25" mi="0" ci="5" mb="0" cb="0"/><line nr="26" mi="0" ci="2" mb="0" cb="2"/><line nr="27" mi="0" ci="6" mb="0" cb="0"/><line nr="31" mi="0" ci="2" mb="0" cb="0"/><line nr="44" mi="0" ci="7" mb="0" cb="0"/><line nr="46" mi="0" ci="31" mb="0" cb="2"/><line nr="47" mi="0" ci="7" mb="0" cb="2"/><line nr="48" mi="0" ci="5" mb="0" cb="0"/><line nr="52" mi="0" ci="10" mb="0" cb="2"/><line nr="53" mi="0" ci="5" mb="0" cb="0"/><line nr="55" mi="0" ci="1" mb="0" cb="0"/><line nr="67" mi="0" ci="6" mb="0" cb="0"/><line nr="69" mi="0" ci="7" mb="0" cb="0"/><line nr="70" mi="0" ci="10" mb="0" cb="2"/><line nr="71" mi="0" ci="4" mb="0" cb="2"/><line nr="72" mi="0" ci="10" mb="0" cb="0"/><line nr="75" mi="0" ci="2" mb="0" cb="0"/><line nr="84" mi="0" ci="7" mb="0" cb="0"/><line nr="85" mi="0" ci="15" mb="0" cb="2"/><line nr="86" mi="0" ci="2" mb="0" cb="0"/><line nr="101" mi="0" ci="7" mb="0" cb="0"/><line nr="102" mi="0" ci="56" mb="0" cb="2"/><line nr="103" mi="0" ci="2" mb="0" cb="0"/><line nr="117" mi="0" ci="31" mb="0" cb="2"/><line nr="118" mi="0" ci="12" mb="1" cb="3"/><line nr="120" mi="0" ci="2" mb="0" cb="0"/><line nr="138" mi="0" ci="31" mb="0" cb="2"/><line nr="139" mi="0" ci="11" mb="0" cb="2"/><line nr="141" mi="0" ci="1" mb="0" cb="0"/><line nr="151" mi="0" ci="7" mb="0" cb="0"/><line nr="152" mi="0" ci="4" mb="0" cb="0"/><line nr="153" mi="0" ci="12" mb="0" cb="2"/><line nr="154" mi="0" ci="9" mb="0" cb="2"/><line nr="156" mi="0" ci="2" mb="0" cb="0"/><line nr="177" mi="0" ci="7" mb="0" cb="0"/><line nr="178" mi="0" ci="7" mb="0" cb="0"/><line nr="179" mi="0" ci="51" mb="0" cb="2"/><line nr="180" mi="0" ci="31" mb="0" cb="2"/><line nr="181" mi="0" ci="28" mb="0" cb="2"/><line nr="183" mi="0" ci="54" mb="0" cb="2"/><line nr="184" mi="0" ci="2" mb="0" cb="0"/><line nr="199" mi="0" ci="7" mb="0" cb="0"/><line nr="200" mi="0" ci="7" mb="0" cb="0"/><line nr="201" mi="0" ci="19" mb="0" cb="2"/><line nr="202" mi="0" ci="21" mb="0" cb="0"/><line nr="204" mi="0" ci="31" mb="0" cb="2"/><line nr="205" mi="0" ci="27" mb="0" cb="0"/><line nr="207" mi="0" ci="2" mb="0" cb="0"/><line nr="226" mi="0" ci="2" mb="0" cb="0"/><line nr="227" mi="0" ci="2" mb="0" cb="0"/><line nr="228" mi="0" ci="31" mb="0" cb="2"/><line nr="229" mi="0" ci="20" mb="1" cb="7"/><line nr="230" mi="0" ci="5" mb="0" cb="0"/><line nr="231" mi="0" ci="3" mb="0" cb="0"/><line nr="233" mi="0" ci="2" mb="0" cb="0"/><line nr="247" mi="0" ci="24" mb="0" cb="0"/><line nr="248" mi="0" ci="23" mb="0" cb="2"/><line nr="249" mi="0" ci="7" mb="0" cb="2"/><line nr="251" mi="0" ci="2" mb="0" cb="0"/><line nr="267" mi="0" ci="7" mb="0" cb="0"/><line nr="268" mi="0" ci="10" mb="0" cb="2"/><line nr="269" mi="0" ci="21" mb="0" cb="0"/><line nr="271" mi="0" ci="12" mb="0" cb="4"/><line nr="286" mi="0" ci="10" mb="0" cb="0"/><line nr="323" mi="0" ci="8" mb="0" cb="0"/><line nr="326" mi="0" ci="7" mb="0" cb="0"/><line nr="328" mi="0" ci="11" mb="0" cb="2"/><line nr="329" mi="0" ci="10" mb="0" cb="2"/><line nr="330" mi="0" ci="4" mb="0" cb="2"/><line nr="331" mi="0" ci="9" mb="0" cb="0"/><line nr="332" mi="0" ci="9" mb="0" cb="0"/><line nr="333" mi="0" ci="16" mb="0" cb="0"/><line nr="336" mi="0" ci="2" mb="0" cb="0"/><line nr="340" mi="0" ci="7" mb="0" cb="0"/><line nr="341" mi="0" ci="31" mb="0" cb="2"/><line nr="342" mi="0" ci="7" mb="0" cb="0"/><line nr="343" mi="0" ci="4" mb="0" cb="0"/><line nr="344" mi="0" ci="20" mb="0" cb="0"/><line nr="345" mi="0" ci="10" mb="0" cb="2"/><line nr="346" mi="0" ci="26" mb="0" cb="2"/><line nr="349" mi="0" ci="2" mb="0" cb="0"/><line nr="370" mi="0" ci="7" mb="0" cb="0"/><line nr="371" mi="0" ci="14" mb="0" cb="4"/><line nr="372" mi="0" ci="29" mb="0" cb="2"/><line nr="373" mi="0" ci="21" mb="0" cb="0"/><line nr="375" mi="0" ci="8" mb="0" cb="0"/><line nr="399" mi="0" ci="10" mb="0" cb="0"/><counter type="INSTRUCTION" missed="0" covered="1177"/><counter type="BRANCH" missed="2" covered="80"/><counter type="LINE" missed="0" covered="89"/><counter type="COMPLEXITY" missed="2" covered="58"/><counter type="METHOD" missed="0" covered="19"/><counter type="CLASS" missed="0" covered="1"/></sourcefile><counter type="INSTRUCTION" missed="0" covered="1177"/><counter type="BRANCH" missed="2" covered="80"/><counter type="LINE" missed="0" covered="89"/><counter type="COMPLEXITY" missed="2" covered="58"/><counter type="METHOD" missed="0" covered="19"/><counter type="CLASS" missed="0" covered="1"/></package><package name="lesson1/task1"><class name="lesson1/task1/SimpleKt" sourcefilename="Simple.kt"><method name="sqr" desc="(I)I" line="16"><counter type="INSTRUCTION" missed="0" covered="4"/><counter type="LINE" missed="0" covered="1"/><counter type="COMPLEXITY" missed="0" covered="1"/><counter type="METHOD" missed="0" covered="1"/></method><method name="sqr" desc="(D)D" line="23"><counter type="INSTRUCTION" missed="0" covered="4"/><counter type="LINE" missed="0" covered="1"/><counter type="COMPLEXITY" missed="0" covered="1"/><counter type="METHOD" missed="0" covered="1"/></method><method name="discriminant" desc="(DDD)D" line="30"><counter type="INSTRUCTION" missed="0" covered="10"/><counter type="LINE" missed="0" covered="1"/><counter type="COMPLEXITY" missed="0" covered="1"/><counter type="METHOD" missed="0" covered="1"/></method><method name="quadraticEquationRoot" desc="(DDD)D" line="38"><counter type="INSTRUCTION" missed="0" covered="18"/><counter type="LINE" missed="0" covered="1"/><counter type="COMPLEXITY" missed="0" covered="1"/><counter type="METHOD" missed="0" covered="1"/></method><method name="quadraticRootProduct" desc="(DDD)D" line="46"><counter type="INSTRUCTION" missed="0" covered="34"/><counter type="LINE" missed="0" covered="4"/><counter type="COMPLEXITY" missed="0" covered="1"/><counter type="METHOD" missed="0" covered="1"/></method><method name="main" desc="()V" line="56"><counter type="INSTRUCTION" missed="16" covered="0"/><counter type="LINE" missed="3" covered="0"/><counter type="COMPLEXITY" missed="1" covered="0"/><counter type="METHOD" missed="1" covered="0"/></method><method name="seconds" desc="(III)I" line="68"><counter type="INSTRUCTION" missed="0" covered="10"/><counter type="LINE" missed="0" covered="1"/><counter type="COMPLEXITY" missed="0" covered="1"/><counter type="METHOD" missed="0" covered="1"/></method><method name="lengthInMeters" desc="(III)D" line="78"><counter type="INSTRUCTION" missed="0" covered="16"/><counter type="LINE" missed="0" covered="1"/><counter type="COMPLEXITY" missed="0" covered="1"/><counter type="METHOD" missed="0" covered="1"/></method><method name="angleInRadian" desc="(III)D" line="87"><counter type="INSTRUCTION" missed="0" covered="19"/><counter type="LINE" missed="0" covered="1"/><counter type="COMPLEXITY" missed="0" covered="1"/><counter type="METHOD" missed="0" covered="1"/></method><method name="trackLength" desc="(DDDD)D" line="95"><counter type="INSTRUCTION" missed="0" covered="15"/><counter type="LINE" missed="0" covered="1"/><counter type="COMPLEXITY" missed="0" covered="1"/><counter type="METHOD" missed="0" covered="1"/></method><method name="thirdDigit" desc="(I)I" line="103"><counter type="INSTRUCTION" missed="0" covered="6"/><counter type="LINE" missed="0" covered="1"/><counter type="COMPLEXITY" missed="0" covered="1"/><counter type="METHOD" missed="0" covered="1"/></method><method name="travelMinutes" desc="(IIII)I" line="113"><counter type="INSTRUCTION" missed="0" covered="12"/><counter type="LINE" missed="0" covered="1"/><counter type="COMPLEXITY" missed="0" covered="1"/><counter type="METHOD" missed="0" covered="1"/></method><method name="accountInThreeYears" desc="(II)D" line="123"><counter type="INSTRUCTION" missed="0" covered="27"/><counter type="LINE" missed="0" covered="3"/><counter type="COMPLEXITY" missed="0" covered="1"/><counter type="METHOD" missed="0" covered="1"/></method><method name="numberRevert" desc="(I)I" line="136"><counter type="INSTRUCTION" missed="0" covered="26"/><counter type="LINE" missed="0" covered="4"/><counter type="COMPLEXITY" missed="0" covered="1"/><counter type="METHOD" missed="0" covered="1"/></method><counter type="INSTRUCTION" missed="16" covered="201"/><counter type="LINE" missed="3" covered="21"/><counter type="COMPLEXITY" missed="1" covered="13"/><counter type="METHOD" missed="1" covered="13"/><counter type="CLASS" missed="0" covered="1"/></class><sourcefile name="Simple.kt"><line nr="16" mi="0" ci="4" mb="0" cb="0"/><line nr="23" mi="0" ci="4" mb="0" cb="0"/><line nr="30" mi="0" ci="10" mb="0" cb="0"/><line nr="38" mi="0" ci="18" mb="0" cb="0"/><line nr="46" mi="0" ci="10" mb="0" cb="0"/><line nr="47" mi="0" ci="10" mb="0" cb="0"/><line nr="48" mi="0" ci="10" mb="0" cb="0"/><line nr="49" mi="0" ci="4" mb="0" cb="0"/><line nr="56" mi="5" ci="0" mb="0" cb="0"/><line nr="57" mi="10" ci="0" mb="0" cb="0"/><line nr="58" mi="1" ci="0" mb="0" cb="0"/><line nr="68" mi="0" ci="10" mb="0" cb="0"/><line nr="78" mi="0" ci="16" mb="0" cb="0"/><line nr="87" mi="0" ci="19" mb="0" cb="0"/><line nr="95" mi="0" ci="15" mb="0" cb="0"/><line nr="103" mi="0" ci="6" mb="0" cb="0"/><line nr="113" mi="0" ci="12" mb="0" cb="0"/><line nr="123" mi="0" ci="9" mb="0" cb="0"/><line nr="124" mi="0" ci="9" mb="0" cb="0"/><line nr="125" mi="0" ci="9" mb="0" cb="0"/><line nr="136" mi="0" ci="4" mb="0" cb="0"/><line nr="137" mi="0" ci="6" mb="0" cb="0"/><line nr="138" mi="0" ci="6" mb="0" cb="0"/><line nr="139" mi="0" ci="10" mb="0" cb="0"/><counter type="INSTRUCTION" missed="16" covered="201"/><counter type="LINE" missed="3" covered="21"/><counter type="COMPLEXITY" missed="1" covered="13"/><counter type="METHOD" missed="1" covered="13"/><counter type="CLASS" missed="0" covered="1"/></sourcefile><counter type="INSTRUCTION" missed="16" covered="201"/><counter type="LINE" missed="3" covered="21"/><counter type="COMPLEXITY" missed="1" covered="13"/><counter type="METHOD" missed="1" covered="13"/><counter type="CLASS" missed="0" covered="1"/></package><package name="lesson11/task1"><class name="lesson11/task1/Dimension" sourcefilename="DimensionalValue.kt"><method name="&lt;init&gt;" desc="(Ljava/lang/String;ILjava/lang/String;)V" line="80"><counter type="INSTRUCTION" missed="8" covered="0"/><counter type="LINE" missed="1" covered="0"/><counter type="COMPLEXITY" missed="1" covered="0"/><counter type="METHOD" missed="1" covered="0"/></method><method name="getAbbreviation" desc="()Ljava/lang/String;" line="80"><counter type="INSTRUCTION" missed="3" covered="0"/><counter type="LINE" missed="1" covered="0"/><counter type="COMPLEXITY" missed="1" covered="0"/><counter type="METHOD" missed="1" covered="0"/></method><method name="&lt;clinit&gt;" desc="()V" line="81"><counter type="INSTRUCTION" missed="17" covered="0"/><counter type="LINE" missed="2" covered="0"/><counter type="COMPLEXITY" missed="1" covered="0"/><counter type="METHOD" missed="1" covered="0"/></method><counter type="INSTRUCTION" missed="28" covered="0"/><counter type="LINE" missed="3" covered="0"/><counter type="COMPLEXITY" missed="3" covered="0"/><counter type="METHOD" missed="3" covered="0"/><counter type="CLASS" missed="1" covered="0"/></class><class name="lesson11/task1/Complex" sourcefilename="Complex.kt"><method name="&lt;init&gt;" desc="(DD)V" line="19"><counter type="INSTRUCTION" missed="0" covered="9"/><counter type="LINE" missed="0" covered="1"/><counter type="COMPLEXITY" missed="0" covered="1"/><counter type="METHOD" missed="0" covered="1"/></method><method name="getRe" desc="()D" line="19"><counter type="INSTRUCTION" missed="3" covered="0"/><counter type="LINE" missed="1" covered="0"/><counter type="COMPLEXITY" missed="1" covered="0"/><counter type="METHOD" missed="1" covered="0"/></method><method name="getIm" desc="()D" line="19"><counter type="INSTRUCTION" missed="3" covered="0"/><counter type="LINE" missed="1" covered="0"/><counter type="COMPLEXITY" missed="1" covered="0"/><counter type="METHOD" missed="1" covered="0"/></method><method name="&lt;init&gt;" desc="(D)V" line="24"><counter type="INSTRUCTION" missed="11" covered="0"/><counter type="LINE" missed="1" covered="0"/><counter type="COMPLEXITY" missed="1" covered="0"/><counter type="METHOD" missed="1" covered="0"/></method><method name="plus" desc="(Llesson11/task1/Complex;)Llesson11/task1/Complex;" line="29"><counter type="INSTRUCTION" missed="13" covered="0"/><counter type="LINE" missed="1" covered="0"/><counter type="COMPLEXITY" missed="1" covered="0"/><counter type="METHOD" missed="1" covered="0"/></method><method name="unaryMinus" desc="()Llesson11/task1/Complex;" line="34"><counter type="INSTRUCTION" missed="0" covered="10"/><counter type="LINE" missed="0" covered="1"/><counter type="COMPLEXITY" missed="0" covered="1"/><counter type="METHOD" missed="0" covered="1"/></method><method name="minus" desc="(Llesson11/task1/Complex;)Llesson11/task1/Complex;" line="39"><counter type="INSTRUCTION" missed="13" covered="0"/><counter type="LINE" missed="1" covered="0"/><counter type="COMPLEXITY" missed="1" covered="0"/><counter type="METHOD" missed="1" covered="0"/></method><method name="times" desc="(Llesson11/task1/Complex;)Llesson11/task1/Complex;" line="44"><counter type="INSTRUCTION" missed="13" covered="0"/><counter type="LINE" missed="1" covered="0"/><counter type="COMPLEXITY" missed="1" covered="0"/><counter type="METHOD" missed="1" covered="0"/></method><method name="div" desc="(Llesson11/task1/Complex;)Llesson11/task1/Complex;" line="49"><counter type="INSTRUCTION" missed="13" covered="0"/><counter type="LINE" missed="1" covered="0"/><counter type="COMPLEXITY" missed="1" covered="0"/><counter type="METHOD" missed="1" covered="0"/></method><method name="equals" desc="(Ljava/lang/Object;)Z" line="54"><counter type="INSTRUCTION" missed="10" covered="0"/><counter type="LINE" missed="1" covered="0"/><counter type="COMPLEXITY" missed="1" covered="0"/><counter type="METHOD" missed="1" covered="0"/></method><method name="toString" desc="()Ljava/lang/String;" line="59"><counter type="INSTRUCTION" missed="10" covered="0"/><counter type="LINE" missed="1" covered="0"/><counter type="COMPLEXITY" missed="1" covered="0"/><counter type="METHOD" missed="1" covered="0"/></method><counter type="INSTRUCTION" missed="89" covered="19"/><counter type="LINE" missed="7" covered="2"/><counter type="COMPLEXITY" missed="9" covered="2"/><counter type="METHOD" missed="9" covered="2"/><counter type="CLASS" missed="0" covered="1"/></class><class name="lesson11/task1/Rational" sourcefilename="Rational.kt"><method name="&lt;init&gt;" desc="(II)V" line="13"><counter type="INSTRUCTION" missed="0" covered="38"/><counter type="BRANCH" missed="0" covered="4"/><counter type="LINE" missed="0" covered="8"/><counter type="COMPLEXITY" missed="0" covered="3"/><counter type="METHOD" missed="0" covered="1"/></method><method name="getNumerator" desc="()I" line="15"><counter type="INSTRUCTION" missed="0" covered="3"/><counter type="LINE" missed="0" covered="1"/><counter type="COMPLEXITY" missed="0" covered="1"/><counter type="METHOD" missed="0" covered="1"/></method><method name="getDenominator" desc="()I" line="17"><counter type="INSTRUCTION" missed="0" covered="3"/><counter type="LINE" missed="0" covered="1"/><counter type="COMPLEXITY" missed="0" covered="1"/><counter type="METHOD" missed="0" covered="1"/></method><method name="gcd" desc="(II)I" line="20"><counter type="INSTRUCTION" missed="0" covered="45"/><counter type="BRANCH" missed="1" covered="7"/><counter type="LINE" missed="0" covered="6"/><counter type="COMPLEXITY" missed="1" covered="4"/><counter type="METHOD" missed="0" covered="1"/></method><method name="plus" desc="(Llesson11/task1/Rational;)Llesson11/task1/Rational;" line="38"><counter type="INSTRUCTION" missed="0" covered="23"/><counter type="LINE" missed="0" covered="4"/><counter type="COMPLEXITY" missed="0" covered="1"/><counter type="METHOD" missed="0" covered="1"/></method><method name="unaryMinus" desc="()Llesson11/task1/Rational;" line="46"><counter type="INSTRUCTION" missed="0" covered="9"/><counter type="LINE" missed="0" covered="1"/><counter type="COMPLEXITY" missed="0" covered="1"/><counter type="METHOD" missed="0" covered="1"/></method><method name="minus" desc="(Llesson11/task1/Rational;)Llesson11/task1/Rational;" line="51"><counter type="INSTRUCTION" missed="0" covered="8"/><counter type="LINE" missed="0" covered="1"/><counter type="COMPLEXITY" missed="0" covered="1"/><counter type="METHOD" missed="0" covered="1"/></method><method name="times" desc="(Llesson11/task1/Rational;)Llesson11/task1/Rational;" line="57"><counter type="INSTRUCTION" missed="0" covered="17"/><counter type="LINE" missed="0" covered="1"/><counter type="COMPLEXITY" missed="0" covered="1"/><counter type="METHOD" missed="0" covered="1"/></method><method name="div" desc="(Llesson11/task1/Rational;)Llesson11/task1/Rational;" line="63"><counter type="INSTRUCTION" missed="0" covered="17"/><counter type="LINE" missed="0" covered="1"/><counter type="COMPLEXITY" missed="0" covered="1"/><counter type="METHOD" missed="0" covered="1"/></method><method name="toInt" desc="()I" line="68"><counter type="INSTRUCTION" missed="0" covered="6"/><counter type="LINE" missed="0" covered="1"/><counter type="COMPLEXITY" missed="0" covered="1"/><counter type="METHOD" missed="0" covered="1"/></method><method name="toDouble" desc="()D" line="73"><counter type="INSTRUCTION" missed="0" covered="8"/><counter type="LINE" missed="0" covered="1"/><counter type="COMPLEXITY" missed="0" covered="1"/><counter type="METHOD" missed="0" covered="1"/></method><method name="equals" desc="(Ljava/lang/Object;)Z" line="79"><counter type="INSTRUCTION" missed="5" covered="22"/><counter type="BRANCH" missed="4" covered="4"/><counter type="LINE" missed="1" covered="4"/><counter type="COMPLEXITY" missed="4" covered="1"/><counter type="METHOD" missed="0" covered="1"/></method><method name="hashCode" desc="()I" line="86"><counter type="INSTRUCTION" missed="12" covered="0"/><counter type="LINE" missed="3" covered="0"/><counter type="COMPLEXITY" missed="1" covered="0"/><counter type="METHOD" missed="1" covered="0"/></method><method name="toString" desc="()Ljava/lang/String;" line="94"><counter type="INSTRUCTION" missed="13" covered="0"/><counter type="LINE" missed="1" covered="0"/><counter type="COMPLEXITY" missed="1" covered="0"/><counter type="METHOD" missed="1" covered="0"/></method><method name="compareTo" desc="(Llesson11/task1/Rational;)I" line="100"><counter type="INSTRUCTION" missed="0" covered="10"/><counter type="LINE" missed="0" covered="2"/><counter type="COMPLEXITY" missed="0" covered="1"/><counter type="METHOD" missed="0" covered="1"/></method><counter type="INSTRUCTION" missed="30" covered="209"/><counter type="BRANCH" missed="5" covered="15"/><counter type="LINE" missed="5" covered="32"/><counter type="COMPLEXITY" missed="7" covered="18"/><counter type="METHOD" missed="2" covered="13"/><counter type="CLASS" missed="0" covered="1"/></class><class name="lesson11/task1/ComplexKt" sourcefilename="Complex.kt"><method name="Complex" desc="(Ljava/lang/String;)Llesson11/task1/Complex;" line="8"><counter type="INSTRUCTION" missed="0" covered="13"/><counter type="LINE" missed="0" covered="1"/><counter type="COMPLEXITY" missed="0" covered="1"/><counter type="METHOD" missed="0" covered="1"/></method><counter type="INSTRUCTION" missed="0" covered="13"/><counter type="LINE" missed="0" covered="1"/><counter type="COMPLEXITY" missed="0" covered="1"/><counter type="METHOD" missed="0" covered="1"/><counter type="CLASS" missed="0" covered="1"/></class><class name="lesson11/task1/DimensionalValue" sourcefilename="DimensionalValue.kt"><method name="&lt;init&gt;" desc="(DLjava/lang/String;)V" line="19"><counter type="INSTRUCTION" missed="0" covered="6"/><counter type="LINE" missed="0" covered="1"/><counter type="COMPLEXITY" missed="0" covered="1"/><counter type="METHOD" missed="0" covered="1"/></method><method name="getValue" desc="()D" line="23"><counter type="INSTRUCTION" missed="0" covered="10"/><counter type="LINE" missed="0" covered="1"/><counter type="COMPLEXITY" missed="0" covered="1"/><counter type="METHOD" missed="0" covered="1"/></method><method name="getDimension" 
[...]
ssed="0" covered="1"/><counter type="COMPLEXITY" missed="0" covered="1"/><counter type="METHOD" missed="0" covered="1"/></method><method name="bfs" desc="(Llesson8/task3/Graph$Vertex;Llesson8/task3/Graph$Vertex;)I" line="36"><counter type="INSTRUCTION" missed="0" covered="96"/><counter type="BRANCH" missed="0" covered="10"/><counter type="LINE" missed="0" covered="12"/><counter type="COMPLEXITY" missed="0" covered="6"/><counter type="METHOD" missed="0" covered="1"/></method><method name="dfs" desc="(Ljava/lang/String;Ljava/lang/String;)I" line="60"><counter type="INSTRUCTION" missed="0" covered="25"/><counter type="BRANCH" missed="0" covered="2"/><counter type="LINE" missed="0" covered="1"/><counter type="COMPLEXITY" missed="0" covered="2"/><counter type="METHOD" missed="0" covered="1"/></method><method name="dfs" desc="(Llesson8/task3/Graph$Vertex;Llesson8/task3/Graph$Vertex;Ljava/util/Set;)Ljava/lang/Integer;" line="63"><counter type="INSTRUCTION" missed="0" covered="59"/><counter type="BRANCH" missed="0" covered="10"/><counter type="LINE" missed="0" covered="7"/><counter type="COMPLEXITY" missed="0" covered="6"/><counter type="METHOD" missed="0" covered="1"/></method><counter type="INSTRUCTION" missed="4" covered="261"/><counter type="BRANCH" missed="1" covered="23"/><counter type="LINE" missed="0" covered="30"/><counter type="COMPLEXITY" missed="1" covered="20"/><counter type="METHOD" missed="0" covered="9"/><counter type="CLASS" missed="0" covered="1"/></class><sourcefile name="Graph.kt"><line nr="5" mi="0" ci="3" mb="0" cb="0"/><line nr="6" mi="3" ci="6" mb="0" cb="0"/><line nr="7" mi="0" ci="11" mb="0" cb="0"/><line nr="10" mi="0" ci="8" mb="0" cb="0"/><line nr="12" mi="4" ci="10" mb="1" cb="1"/><line nr="15" mi="0" ci="15" mb="0" cb="0"/><line nr="16" mi="0" ci="1" mb="0" cb="0"/><line nr="19" mi="0" ci="5" mb="0" cb="0"/><line nr="20" mi="0" ci="5" mb="0" cb="0"/><line nr="21" mi="0" ci="1" mb="0" cb="0"/><line nr="23" mi="0" ci="9" mb="0" cb="0"/><line nr="33" mi="0" ci="9" mb="0" cb="0"/><line nr="36" mi="0" ci="4" mb="0" cb="0"/><line nr="37" mi="0" ci="4" mb="0" cb="0"/><line nr="38" mi="0" ci="13" mb="0" cb="0"/><line nr="39" mi="0" ci="12" mb="0" cb="4"/><line nr="40" mi="0" ci="4" mb="0" cb="0"/><line nr="41" mi="0" ci="8" mb="0" cb="0"/><line nr="42" mi="0" ci="6" mb="0" cb="2"/><line nr="43" mi="0" ci="11" mb="0" cb="2"/><line nr="44" mi="0" ci="13" mb="0" cb="2"/><line nr="45" mi="0" ci="14" mb="0" cb="0"/><line nr="46" mi="0" ci="5" mb="0" cb="0"/><line nr="49" mi="0" ci="2" mb="0" cb="0"/><line nr="60" mi="0" ci="19" mb="0" cb="2"/><line nr="63" mi="0" ci="7" mb="0" cb="2"/><line nr="65" mi="0" ci="5" mb="0" cb="0"/><line nr="66" mi="0" ci="16" mb="0" cb="4"/><line nr="67" mi="0" ci="19" mb="0" cb="2"/><line nr="68" mi="0" ci="2" mb="0" cb="0"/><line nr="69" mi="0" ci="9" mb="0" cb="2"/><line nr="70" mi="0" ci="1" mb="0" cb="0"/><counter type="INSTRUCTION" missed="7" covered="281"/><counter type="BRANCH" missed="1" covered="23"/><counter type="LINE" missed="0" covered="32"/><counter type="COMPLEXITY" missed="2" covered="22"/><counter type="METHOD" missed="1" covered="11"/><counter type="CLASS" missed="0" covered="2"/></sourcefile><counter type="INSTRUCTION" missed="7" covered="281"/><counter type="BRANCH" missed="1" covered="23"/><counter type="LINE" missed="0" covered="32"/><counter type="COMPLEXITY" missed="2" covered="22"/><counter type="METHOD" missed="1" covered="11"/><counter type="CLASS" missed="0" covered="2"/></package><package name="lesson8/task2"><class name="lesson8/task2/ChessKt" sourcefilename="Chess.kt"><method name="square" desc="(Ljava/lang/String;)Llesson8/task2/Square;" line="35"><counter type="INSTRUCTION" missed="0" covered="13"/><counter type="LINE" missed="0" covered="1"/><counter type="COMPLEXITY" missed="0" covered="1"/><counter type="METHOD" missed="0" covered="1"/></method><method name="rookMoveNumber" desc="(Llesson8/task2/Square;Llesson8/task2/Square;)I" line="60"><counter type="INSTRUCTION" missed="16" covered="0"/><counter type="LINE" missed="1" covered="0"/><counter type="COMPLEXITY" missed="1" covered="0"/><counter type="METHOD" missed="1" covered="0"/></method><method name="rookTrajectory" desc="(Llesson8/task2/Square;Llesson8/task2/Square;)Ljava/util/List;" line="76"><counter type="INSTRUCTION" missed="16" covered="0"/><counter type="LINE" missed="1" covered="0"/><counter type="COMPLEXITY" missed="1" covered="0"/><counter type="METHOD" missed="1" covered="0"/></method><method name="bishopMoveNumber" desc="(Llesson8/task2/Square;Llesson8/task2/Square;)I" line="101"><counter type="INSTRUCTION" missed="16" covered="0"/><counter type="LINE" missed="1" covered="0"/><counter type="COMPLEXITY" missed="1" covered="0"/><counter type="METHOD" missed="1" covered="0"/></method><method name="bishopTrajectory" desc="(Llesson8/task2/Square;Llesson8/task2/Square;)Ljava/util/List;" line="121"><counter type="INSTRUCTION" missed="16" covered="0"/><counter type="LINE" missed="1" covered="0"/><counter type="COMPLEXITY" missed="1" covered="0"/><counter type="METHOD" missed="1" covered="0"/></method><method name="kingMoveNumber" desc="(Llesson8/task2/Square;Llesson8/task2/Square;)I" line="143"><counter type="INSTRUCTION" missed="16" covered="0"/><counter type="LINE" missed="1" covered="0"/><counter type="COMPLEXITY" missed="1" covered="0"/><counter type="METHOD" missed="1" covered="0"/></method><method name="kingTrajectory" desc="(Llesson8/task2/Square;Llesson8/task2/Square;)Ljava/util/List;" line="159"><counter type="INSTRUCTION" missed="16" covered="0"/><counter type="LINE" missed="1" covered="0"/><counter type="COMPLEXITY" missed="1" covered="0"/><counter type="METHOD" missed="1" covered="0"/></method><method name="knightMoveNumber" desc="(Llesson8/task2/Square;Llesson8/task2/Square;)I" line="184"><counter type="INSTRUCTION" missed="16" covered="0"/><counter type="LINE" missed="1" covered="0"/><counter type="COMPLEXITY" missed="1" covered="0"/><counter type="METHOD" missed="1" covered="0"/></method><method name="knightTrajectory" desc="(Llesson8/task2/Square;Llesson8/task2/Square;)Ljava/util/List;" line="206"><counter type="INSTRUCTION" missed="16" covered="0"/><counter type="LINE" missed="1" covered="0"/><counter type="COMPLEXITY" missed="1" covered="0"/><counter type="METHOD" missed="1" covered="0"/></method><counter type="INSTRUCTION" missed="128" covered="13"/><counter type="LINE" missed="8" covered="1"/><counter type="COMPLEXITY" missed="8" covered="1"/><counter type="METHOD" missed="8" covered="1"/><counter type="CLASS" missed="0" covered="1"/></class><class name="lesson8/task2/Square" sourcefilename="Chess.kt"><method name="&lt;init&gt;" desc="(II)V" line="10"><counter type="INSTRUCTION" missed="0" covered="9"/><counter type="LINE" missed="0" covered="1"/><counter type="COMPLEXITY" missed="0" covered="1"/><counter type="METHOD" missed="0" covered="1"/></method><method name="getColumn" desc="()I" line="10"><counter type="INSTRUCTION" missed="3" covered="0"/><counter type="LINE" missed="1" covered="0"/><counter type="COMPLEXITY" missed="1" covered="0"/><counter type="METHOD" missed="1" covered="0"/></method><method name="getRow" desc="()I" line="10"><counter type="INSTRUCTION" missed="3" covered="0"/><counter type="LINE" missed="1" covered="0"/><counter type="COMPLEXITY" missed="1" covered="0"/><counter type="METHOD" missed="1" covered="0"/></method><method name="inside" desc="()Z" line="16"><counter type="INSTRUCTION" missed="0" covered="34"/><counter type="BRANCH" missed="0" covered="12"/><counter type="LINE" missed="0" covered="1"/><counter type="COMPLEXITY" missed="0" covered="7"/><counter type="METHOD" missed="0" covered="1"/></method><method name="notation" desc="()Ljava/lang/String;" line="25"><counter type="INSTRUCTION" missed="0" covered="10"/><counter type="LINE" missed="0" covered="1"/><counter type="COMPLEXITY" missed="0" covered="1"/><counter type="METHOD" missed="0" covered="1"/></method><counter type="INSTRUCTION" missed="6" covered="53"/><counter type="BRANCH" missed="0" covered="12"/><counter type="LINE" missed="0" covered="3"/><counter type="COMPLEXITY" missed="2" covered="9"/><counter type="METHOD" missed="2" covered="3"/><counter type="CLASS" missed="0" covered="1"/></class><sourcefile name="Chess.kt"><line nr="10" mi="6" ci="9" mb="0" cb="0"/><line nr="16" mi="0" ci="34" mb="0" cb="12"/><line nr="25" mi="0" ci="10" mb="0" cb="0"/><line nr="35" mi="0" ci="10" mb="0" cb="0"/><line nr="60" mi="10" ci="0" mb="0" cb="0"/><line nr="76" mi="10" ci="0" mb="0" cb="0"/><line nr="101" mi="10" ci="0" mb="0" cb="0"/><line nr="121" mi="10" ci="0" mb="0" cb="0"/><line nr="143" mi="10" ci="0" mb="0" cb="0"/><line nr="159" mi="10" ci="0" mb="0" cb="0"/><line nr="184" mi="10" ci="0" mb="0" cb="0"/><line nr="206" mi="10" ci="0" mb="0" cb="0"/><counter type="INSTRUCTION" missed="134" covered="66"/><counter type="BRANCH" missed="0" covered="12"/><counter type="LINE" missed="8" covered="4"/><counter type="COMPLEXITY" missed="10" covered="10"/><counter type="METHOD" missed="10" covered="4"/><counter type="CLASS" missed="0" covered="2"/></sourcefile><counter type="INSTRUCTION" missed="134" covered="66"/><counter type="BRANCH" missed="0" covered="12"/><counter type="LINE" missed="8" covered="4"/><counter type="COMPLEXITY" missed="10" covered="10"/><counter type="METHOD" missed="10" covered="4"/><counter type="CLASS" missed="0" covered="2"/></package><package name="lesson3/task1"><class name="lesson3/task1/LoopKt" sourcefilename="Loop.kt"><method name="factorial" desc="(I)D" line="21"><counter type="INSTRUCTION" missed="0" covered="20"/><counter type="BRANCH" missed="0" covered="4"/><counter type="LINE" missed="0" covered="4"/><counter type="COMPLEXITY" missed="0" covered="3"/><counter type="METHOD" missed="0" covered="1"/></method><method name="isPrime" desc="(I)Z" line="34"><counter type="INSTRUCTION" missed="0" covered="49"/><counter type="BRANCH" missed="0" covered="12"/><counter type="LINE" missed="0" covered="6"/><counter type="COMPLEXITY" missed="0" covered="7"/><counter type="METHOD" missed="0" covered="1"/></method><method name="isPerfect" desc="(I)Z" line="49"><counter type="INSTRUCTION" missed="0" covered="37"/><counter type="BRANCH" missed="1" covered="9"/><counter type="LINE" missed="0" covered="6"/><counter type="COMPLEXITY" missed="1" covered="5"/><counter type="METHOD" missed="0" covered="1"/></method><method name="digitCountInNumber" desc="(II)I" line="64"><counter type="INSTRUCTION" missed="0" covered="23"/><counter type="BRANCH" missed="0" covered="4"/><counter type="LINE" missed="0" covered="5"/><counter type="COMPLEXITY" missed="0" covered="3"/><counter type="METHOD" missed="0" covered="1"/></method><method name="digitNumber" desc="(I)I" line="79"><counter type="INSTRUCTION" missed="0" covered="18"/><counter type="BRANCH" missed="0" covered="2"/><counter type="LINE" missed="0" covered="6"/><counter type="COMPLEXITY" missed="0" covered="2"/><counter type="METHOD" missed="0" covered="1"/></method><method name="fib" desc="(I)I" line="96"><counter type="INSTRUCTION" missed="1" covered="40"/><counter type="BRANCH" missed="2" covered="8"/><counter type="LINE" missed="0" covered="8"/><counter type="COMPLEXITY" missed="2" covered="4"/><counter type="METHOD" missed="0" covered="1"/></method><method name="minDivisor" desc="(I)I" line="113"><counter type="INSTRUCTION" missed="0" covered="28"/><counter type="BRANCH" missed="0" covered="6"/><counter type="LINE" missed="0" covered="3"/><counter type="COMPLEXITY" missed="0" covered="4"/><counter type="METHOD" missed="0" covered="1"/></method><method name="maxDivisor" desc="(I)I" line="125"><counter type="INSTRUCTION" missed="0" covered="30"/><counter type="BRANCH" missed="1" covered="5"/><counter type="LINE" missed="0" covered="3"/><counter type="COMPLEXITY" missed="1" covered="3"/><counter type="METHOD" missed="0" covered="1"/></method><method name="collatzSteps" desc="(I)I" line="148"><counter type="INSTRUCTION" missed="0" covered="31"/><counter type="BRANCH" missed="0" covered="4"/><counter type="LINE" missed="0" covered="7"/><counter type="COMPLEXITY" missed="0" covered="3"/><counter type="METHOD" missed="0" covered="1"/></method><method name="lcm" desc="(II)I" line="165"><counter type="INSTRUCTION" missed="14" covered="53"/><counter type="BRANCH" missed="2" covered="8"/><counter type="LINE" missed="0" covered="4"/><counter type="COMPLEXITY" missed="2" covered="4"/><counter type="METHOD" missed="0" covered="1"/></method><method name="isCoPrime" desc="(II)Z" line="181"><counter type="INSTRUCTION" missed="0" covered="35"/><counter type="BRANCH" missed="1" covered="7"/><counter type="LINE" missed="0" covered="5"/><counter type="COMPLEXITY" missed="1" covered="4"/><counter type="METHOD" missed="0" covered="1"/></method><method name="revert" desc="(I)I" line="197"><counter type="INSTRUCTION" missed="0" covered="20"/><counter type="BRANCH" missed="0" covered="2"/><counter type="LINE" missed="0" covered="6"/><counter type="COMPLEXITY" missed="0" covered="2"/><counter type="METHOD" missed="0" covered="1"/></method><method name="isPalindrome" desc="(I)Z" line="216"><counter type="INSTRUCTION" missed="0" covered="8"/><counter type="BRANCH" missed="0" covered="2"/><counter type="LINE" missed="0" covered="1"/><counter type="COMPLEXITY" missed="0" covered="2"/><counter type="METHOD" missed="0" covered="1"/></method><method name="hasDifferentDigits" desc="(I)Z" line="227"><counter type="INSTRUCTION" missed="0" covered="21"/><counter type="BRANCH" missed="0" covered="4"/><counter type="LINE" missed="0" covered="6"/><counter type="COMPLEXITY" missed="0" covered="3"/><counter type="METHOD" missed="0" covered="1"/></method><method name="sin" desc="(DD)D" line="246"><counter type="INSTRUCTION" missed="0" covered="10"/><counter type="LINE" missed="0" covered="1"/><counter type="COMPLEXITY" missed="0" covered="1"/><counter type="METHOD" missed="0" covered="1"/></method><method name="cos" desc="(DD)D" line="257"><counter type="INSTRUCTION" missed="0" covered="10"/><counter type="LINE" missed="0" covered="1"/><counter type="COMPLEXITY" missed="0" covered="1"/><counter type="METHOD" missed="0" covered="1"/></method><method name="squareSequenceDigit" desc="(I)I" line="269"><counter type="INSTRUCTION" missed="0" covered="47"/><counter type="BRANCH" missed="0" covered="2"/><counter type="LINE" missed="0" covered="8"/><counter type="COMPLEXITY" missed="0" covered="2"/><counter type="METHOD" missed="0" covered="1"/></method><method name="fibSequenceDigit" desc="(I)I" line="290"><counter type="INSTRUCTION" missed="0" covered="45"/><counter type="BRANCH" missed="0" covered="2"/><counter type="LINE" missed="0" covered="8"/><counter type="COMPLEXITY" missed="0" covered="2"/><counter type="METHOD" missed="0" covered="1"/></method><counter type="INSTRUCTION" missed="15" covered="525"/><counter type="BRANCH" missed="7" covered="81"/><counter type="LINE" missed="0" covered="88"/><counter type="COMPLEXITY" missed="7" covered="55"/><counter type="METHOD" missed="0" covered="18"/><counter type="CLASS" missed="0" covered="1"/></class><sourcefile name="Loop.kt"><line nr="21" mi="0" ci="2" mb="0" cb="0"/><line nr="22" mi="0" ci="11" mb="0" cb="4"/><line nr="23" mi="0" ci="5" mb="0" cb="0"/><line nr="25" mi="0" ci="2" mb="0" cb="0"/><line nr="34" mi="0" ci="5" mb="0" cb="2"/><line nr="35" mi="0" ci="5" mb="0" cb="2"/><line nr="36" mi="0" ci="6" mb="0" cb="2"/><line nr="37" mi="0" ci="25" mb="0" cb="4"/><line nr="38" mi="0" ci="6" mb="0" cb="2"/><line nr="40" mi="0" ci="2" mb="0" cb="0"/><line nr="49" mi="0" ci="2" mb="0" cb="0"/><line nr="50" mi="0" ci="15" mb="1" cb="3"/><line nr="51" mi="0" ci="5" mb="0" cb="2"/><line nr="52" mi="0" ci="4" mb="0" cb="0"/><line nr="53" mi="0" ci="4" mb="0" cb="2"/><line nr="55" mi="0" ci="7" mb="0" cb="2"/><line nr="64" mi="0" ci="1" mb="0" cb="0"/><line nr="65" mi="0" ci="5" mb="0" cb="2"/><line nr="66" mi="0" ci="5" mb="0" cb="2"/><line nr="67" mi="0" ci="11" mb="0" cb="0"/><line nr="68" mi="0" ci="1" mb="0" cb="0"/><line nr="79" mi="0" ci="2" mb="0" cb="0"/><line nr="80" mi="0" ci="2" mb="0" cb="0"/><line nr="82" mi="0" ci="6" mb="0" cb="0"/><line nr="83" mi="0" ci="4" mb="0" cb="0"/><line nr="84" mi="0" ci="2" mb="0" cb="2"/><line nr="85" mi="0" ci="2" mb="0" cb="0"/><line nr="96" mi="0" ci="2" mb="0" cb="0"/><line nr="97" mi="0" ci="2" mb="0" cb="0"/><line nr="98" mi="1" ci="13" mb="1" cb="5"/><line nr="99" mi="0" ci="11" mb="1" cb="3"/><line nr="100" mi="0" ci="2" mb="0" cb="0"/><line nr="101" mi="0" ci="2" mb="0" cb="0"/><line nr="102" mi="0" ci="4" mb="0" cb="0"/><line nr="104" mi="0" ci="2" mb="0" cb="0"/><line nr="113" mi="0" ci="20" mb="0" cb="4"/><line nr="114" mi="0" ci="6" mb="0" cb="2"/><line nr="116" mi="0" ci="2" mb="0" cb="0"/><line nr="125" mi="0" ci="22" mb="1" cb="3"/><line nr="126" mi="0" ci="6" mb="0" cb="2"/><line nr="128" mi="0" ci="2" mb="0" cb="0"/><line nr="148" mi="0" ci="2" mb="0" cb="0"/><line nr="149" mi="0" ci="2" mb="0" cb="0"/><line nr="150" mi="0" ci="3" mb="0" cb="2"/><line nr="151" mi="0" ci="6" mb="0" cb="0"/><line nr="152" mi="0" ci="9" mb="0" cb="2"/><line nr="153" mi="0" ci="7" mb="0" cb="0"/><line nr="155" mi="0" ci="2" mb="0" cb="0"/><line nr="165" mi="14" ci="39" mb="2" cb="4"/><line nr="166" mi="0" ci="8" mb="0" cb="4"/><line nr="167" mi="0" ci="2" mb="0" cb="0"/><line nr="170" mi="0" ci="4" mb="0" cb="0"/><line nr="181" mi="0" ci="6" mb="0" cb="0"/><line nr="182" mi="0" ci="6" mb="0" cb="0"/><line nr="183" mi="0" ci="11" mb="1" cb="3"/><line nr="184" mi="0" ci="10" mb="0" cb="4"/><line nr="186" mi="0" ci="2" mb="0" cb="0"/><line nr="197" mi="0" ci="2" mb="0" cb="0"/><line nr="198" mi="0" ci="2" mb="0" cb="0"/><line nr="200" mi="0" ci="8" mb="0" cb="0"/><line nr="201" mi="0" ci="4" mb="0" cb="0"/><line nr="202" mi="0" ci="2" mb="0" cb="2"/><line nr="203" mi="0" ci="2" mb="0" cb="0"/><line nr="216" mi="0" ci="8" mb="0" cb="2"/><line nr="227" mi="0" ci="2" mb="0" cb="0"/><line nr="228" mi="0" ci="4" mb="0" cb="0"/><line nr="230" mi="0" ci="7" mb="0" cb="2"/><line nr="231" mi="0" ci="4" mb="0" cb="0"/><line nr="232" mi="0" ci="2" mb="0" cb="2"/><line nr="233" mi="0" ci="2" mb="0" cb="0"/><line nr="246" mi="0" ci="10" mb="0" cb="0"/><line nr="257" mi="0" ci="10" mb="0" cb="0"/><line nr="269" mi="0" ci="2" mb="0" cb="0"/><line nr="270" mi="0" ci="4" mb="0" cb="0"/><line nr="271" mi="0" ci="2" mb="0" cb="0"/><line nr="272" mi="0" ci="3" mb="0" cb="2"/><line nr="273" mi="0" ci="4" mb="0" cb="0"/><line nr="274" mi="0" ci="5" mb="0" cb="0"/><line nr="275" mi="0" ci="7" mb="0" cb="0"/><line nr="277" mi="0" ci="20" mb="0" cb="0"/><line nr="290" mi="0" ci="2" mb="0" cb="0"/><line nr="291" mi="0" ci="3" mb="0" cb="0"/><line nr="292" mi="0" ci="2" mb="0" cb="0"/><line nr="293" mi="0" ci="3" mb="0" cb="2"/><line nr="294" mi="0" ci="3" mb="0" cb="0"/><line nr="295" mi="0" ci="5" mb="0" cb="0"/><line nr="296" mi="0" ci="7" mb="0" cb="0"/><line nr="298" mi="0" ci="20" mb="0" cb="0"/><counter type="INSTRUCTION" missed="15" covered="525"/><counter type="BRANCH" missed="7" covered="81"/><counter type="LINE" missed="0" covered="88"/><counter type="COMPLEXITY" missed="7" covered="55"/><counter type="METHOD" missed="0" covered="18"/><counter type="CLASS" missed="0" covered="1"/></sourcefile><counter type="INSTRUCTION" missed="15" covered="525"/><counter type="BRANCH" missed="7" covered="81"/><counter type="LINE" missed="0" covered="88"/><counter type="COMPLEXITY" missed="7" covered="55"/><counter type="METHOD" missed="0" covered="18"/><counter type="CLASS" missed="0" covered="1"/></package><counter type="INSTRUCTION" missed="2000" covered="9942"/><counter type="BRANCH" missed="185" covered="893"/><counter type="LINE" missed="162" covered="1033"/><counter type="COMPLEXITY" missed="300" covered="673"/><counter type="METHOD" missed="149" covered="281"/><counter type="CLASS" missed="9" covered="61"/></report>